This file contains any messages produced by compilers while
running configure, to aid debugging if configure makes a mistake.

It was created by GD configure 2.1.0, which was
generated by GNU Autoconf 2.63.  Invocation command line was

  $ ./configure 

## --------- ##
## Platform. ##
## --------- ##

hostname = verylcg
uname -m = x86_64
uname -r = 3.10.94-1.el6.elrepo.x86_64
uname -s = Linux
uname -v = #1 SMP Thu Dec 10 12:39:34 EST 2015

/usr/bin/uname -p = unknown
/bin/uname -X     = unknown

/bin/arch              = x86_64
/usr/bin/arch -k       = unknown
/usr/convex/getsysinfo = unknown
/usr/bin/hostinfo      = unknown
/bin/machine           = unknown
/usr/bin/oslevel       = unknown
/bin/universe          = unknown

PATH: /usr/lib64/qt-3.3/bin
PATH: /usr/local/sbin
PATH: /usr/sbin
PATH: /sbin
PATH: /usr/local/bin
PATH: /usr/bin
PATH: /bin
PATH: /root/bin


## ----------- ##
## Core tests. ##
## ----------- ##

configure:2177: checking build system type
configure:2195: result: x86_64-unknown-linux-gnu
configure:2217: checking host system type
configure:2232: result: x86_64-unknown-linux-gnu
configure:2296: checking for a BSD-compatible install
configure:2364: result: /usr/bin/install -c
configure:2375: checking whether build environment is sane
configure:2435: result: yes
configure:2576: checking for a thread-safe mkdir -p
configure:2615: result: /bin/mkdir -p
configure:2628: checking for gawk
configure:2644: found /usr/bin/gawk
configure:2655: result: gawk
configure:2666: checking whether make sets $(MAKE)
configure:2688: result: yes
configure:2788: checking for style of include used by make
configure:2816: result: GNU
configure:2886: checking for gcc
configure:2902: found /usr/bin/gcc
configure:2913: result: gcc
configure:3145: checking for C compiler version
configure:3153: gcc --version >&5
gcc (GCC) 4.4.7 20120313 (Red Hat 4.4.7-16)
Copyright (C) 2010 Free Software Foundation, Inc.
This is free software; see the source for copying conditions.  There is NO
warranty; not even for MERCHANTABILITY or FITNESS FOR A PARTICULAR PURPOSE.

configure:3157: $? = 0
configure:3164: gcc -v >&5
Using built-in specs.
Target: x86_64-redhat-linux
Configured with: ../configure --prefix=/usr --mandir=/usr/share/man --infodir=/usr/share/info --with-bugurl=http://bugzilla.redhat.com/bugzilla --enable-bootstrap --enable-shared --enable-threads=posix --enable-checking=release --with-system-zlib --enable-__cxa_atexit --disable-libunwind-exceptions --enable-gnu-unique-object --enable-languages=c,c++,objc,obj-c++,java,fortran,ada --enable-java-awt=gtk --disable-dssi --with-java-home=/usr/lib/jvm/java-1.5.0-gcj-1.5.0.0/jre --enable-libgcj-multifile --enable-java-maintainer-mode --with-ecj-jar=/usr/share/java/eclipse-ecj.jar --disable-libjava-multilib --with-ppl --with-cloog --with-tune=generic --with-arch_32=i686 --build=x86_64-redhat-linux
Thread model: posix
gcc version 4.4.7 20120313 (Red Hat 4.4.7-16) (GCC) 
configure:3168: $? = 0
configure:3175: gcc -V >&5
gcc: '-V' option must have argument
configure:3179: $? = 1
configure:3202: checking for C compiler default output file name
configure:3224: gcc    conftest.c  >&5
configure:3228: $? = 0
configure:3266: result: a.out
configure:3285: checking whether the C compiler works
configure:3295: ./a.out
configure:3299: $? = 0
configure:3318: result: yes
configure:3325: checking whether we are cross compiling
configure:3327: result: no
configure:3330: checking for suffix of executables
configure:3337: gcc -o conftest    conftest.c  >&5
configure:3341: $? = 0
configure:3367: result: 
configure:3373: checking for suffix of object files
configure:3399: gcc -c   conftest.c >&5
configure:3403: $? = 0
configure:3428: result: o
configure:3432: checking whether we are using the GNU C compiler
configure:3461: gcc -c   conftest.c >&5
configure:3468: $? = 0
configure:3485: result: yes
configure:3494: checking whether gcc accepts -g
configure:3524: gcc -c -g  conftest.c >&5
configure:3531: $? = 0
configure:3632: result: yes
configure:3649: checking for gcc option to accept ISO C89
configure:3723: gcc  -c -g -O2  conftest.c >&5
configure:3730: $? = 0
configure:3753: result: none needed
configure:3773: checking dependency style of gcc
configure:3883: result: gcc3
configure:3900: checking for gcc option to accept ISO C99
configure:4059: gcc  -c -g -O2  conftest.c >&5
conftest.c:60: error: expected ';', ',' or ')' before 'text'
conftest.c: In function 'main':
conftest.c:114: error: expected '=', ',', ';', 'asm' or '__attribute__' before 'newvar'
conftest.c:114: error: 'newvar' undeclared (first use in this function)
conftest.c:114: error: (Each undeclared identifier is reported only once
conftest.c:114: error: for each function it appears in.)
conftest.c:124: error: 'for' loop initial declarations are only allowed in C99 mode
conftest.c:124: note: use option -std=c99 or -std=gnu99 to compile your code
configure:4066: $? = 1
configure: failed program was:
| /* confdefs.h.  */
| #define PACKAGE_NAME "GD"
| #define PACKAGE_TARNAME "libgd"
| #define PACKAGE_VERSION "2.1.0"
| #define PACKAGE_STRING "GD 2.1.0"
| #define PACKAGE_BUGREPORT "https://bitbucket.org/libgd/gd-libgd/issues"
| #define PACKAGE "libgd"
| #define VERSION "2.1.0"
| /* end confdefs.h.  */
| #include <stdarg.h>
| #include <stdbool.h>
| #include <stdlib.h>
| #include <wchar.h>
| #include <stdio.h>
| 
| // Check varargs macros.  These examples are taken from C99 6.10.3.5.
| #define debug(...) fprintf (stderr, __VA_ARGS__)
| #define showlist(...) puts (#__VA_ARGS__)
| #define report(test,...) ((test) ? puts (#test) : printf (__VA_ARGS__))
| static void
| test_varargs_macros (void)
| {
|   int x = 1234;
|   int y = 5678;
|   debug ("Flag");
|   debug ("X = %d\n", x);
|   showlist (The first, second, and third items.);
|   report (x>y, "x is %d but y is %d", x, y);
| }
| 
| // Check long long types.
| #define BIG64 18446744073709551615ull
| #define BIG32 4294967295ul
| #define BIG_OK (BIG64 / BIG32 == 4294967297ull && BIG64 % BIG32 == 0)
| #if !BIG_OK
|   your preprocessor is broken;
| #endif
| #if BIG_OK
| #else
|   your preprocessor is broken;
| #endif
| static long long int bignum = -9223372036854775807LL;
| static unsigned long long int ubignum = BIG64;
| 
| struct incomplete_array
| {
|   int datasize;
|   double data[];
| };
| 
| struct named_init {
|   int number;
|   const wchar_t *name;
|   double average;
| };
| 
| typedef const char *ccp;
| 
| static inline int
| test_restrict (ccp restrict text)
| {
|   // See if C++-style comments work.
|   // Iterate through items via the restricted pointer.
|   // Also check for declarations in for loops.
|   for (unsigned int i = 0; *(text+i) != '\0'; ++i)
|     continue;
|   return 0;
| }
| 
| // Check varargs and va_copy.
| static void
| test_varargs (const char *format, ...)
| {
|   va_list args;
|   va_start (args, format);
|   va_list args_copy;
|   va_copy (args_copy, args);
| 
|   const char *str;
|   int number;
|   float fnumber;
| 
|   while (*format)
|     {
|       switch (*format++)
| 	{
| 	case 's': // string
| 	  str = va_arg (args_copy, const char *);
| 	  break;
| 	case 'd': // int
| 	  number = va_arg (args_copy, int);
| 	  break;
| 	case 'f': // float
| 	  fnumber = va_arg (args_copy, double);
| 	  break;
| 	default:
| 	  break;
| 	}
|     }
|   va_end (args_copy);
|   va_end (args);
| }
| 
| int
| main ()
| {
| 
|   // Check bool.
|   _Bool success = false;
| 
|   // Check restrict.
|   if (test_restrict ("String literal") == 0)
|     success = true;
|   char *restrict newvar = "Another string";
| 
|   // Check varargs.
|   test_varargs ("s, d' f .", "string", 65, 34.234);
|   test_varargs_macros ();
| 
|   // Check flexible array members.
|   struct incomplete_array *ia =
|     malloc (sizeof (struct incomplete_array) + (sizeof (double) * 10));
|   ia->datasize = 10;
|   for (int i = 0; i < ia->datasize; ++i)
|     ia->data[i] = i * 1.234;
| 
|   // Check named initializers.
|   struct named_init ni = {
|     .number = 34,
|     .name = L"Test wide string",
|     .average = 543.34343,
|   };
| 
|   ni.number = 58;
| 
|   int dynamic_array[ni.number];
|   dynamic_array[ni.number - 1] = 543;
| 
|   // work around unused variable warnings
|   return (!success || bignum == 0LL || ubignum == 0uLL || newvar[0] == 'x'
| 	  || dynamic_array[ni.number - 1] != 543);
| 
|   ;
|   return 0;
| }
configure:4059: gcc -std=gnu99 -c -g -O2  conftest.c >&5
configure:4066: $? = 0
configure:4096: result: -std=gnu99
configure:4227: checking for gcc -std=gnu99 option to accept ISO Standard C
configure:4238: result: -std=gnu99
configure:4244: checking whether gcc -std=gnu99 and cc understand -c and -o together
configure:4279: gcc -std=gnu99 -c conftest.c -o conftest2.o >&5
configure:4283: $? = 0
configure:4289: gcc -std=gnu99 -c conftest.c -o conftest2.o >&5
configure:4293: $? = 0
configure:4304: cc -c conftest.c >&5
configure:4308: $? = 0
configure:4316: cc -c conftest.c -o conftest2.o >&5
configure:4320: $? = 0
configure:4326: cc -c conftest.c -o conftest2.o >&5
configure:4330: $? = 0
configure:4348: result: yes
configure:4389: checking for a BSD-compatible install
configure:4457: result: /usr/bin/install -c
configure:4493: checking for a sed that does not truncate output
configure:4559: result: /bin/sed
configure:4577: checking for grep that handles long lines and -e
configure:4637: result: /bin/grep
configure:4642: checking for egrep
configure:4706: result: /bin/grep -E
configure:4711: checking for fgrep
configure:4775: result: /bin/grep -F
configure:4810: checking for ld used by gcc -std=gnu99
configure:4877: result: /usr/bin/ld
configure:4886: checking if the linker (/usr/bin/ld) is GNU ld
configure:4901: result: yes
configure:4913: checking for BSD- or MS-compatible name lister (nm)
configure:4962: result: /usr/bin/nm -B
configure:5080: checking the name lister (/usr/bin/nm -B) interface
configure:5087: gcc -std=gnu99 -c -g -O2  conftest.c >&5
configure:5090: /usr/bin/nm -B "conftest.o"
configure:5093: output
0000000000000000 B some_variable
configure:5100: result: BSD nm
configure:5103: checking whether ln -s works
configure:5107: result: yes
configure:5115: checking the maximum length of command line arguments
configure:5235: result: 1572864
configure:5252: checking whether the shell understands some XSI constructs
configure:5262: result: yes
configure:5266: checking whether the shell understands "+="
configure:5272: result: yes
configure:5307: checking for /usr/bin/ld option to reload object files
configure:5314: result: -r
configure:5383: checking for objdump
configure:5399: found /usr/bin/objdump
configure:5410: result: objdump
configure:5442: checking how to recognize dependent libraries
configure:5638: result: pass_all
configure:5698: checking for ar
configure:5714: found /usr/bin/ar
configure:5725: result: ar
configure:5803: checking for strip
configure:5819: found /usr/bin/strip
configure:5830: result: strip
configure:5902: checking for ranlib
configure:5918: found /usr/bin/ranlib
configure:5929: result: ranlib
configure:6019: checking command to parse /usr/bin/nm -B output from gcc -std=gnu99 object
configure:6137: gcc -std=gnu99 -c -g -O2  conftest.c >&5
configure:6140: $? = 0
configure:6144: /usr/bin/nm -B conftest.o \| sed -n -e 's/^.*[	 ]\([ABCDGIRSTW][ABCDGIRSTW]*\)[	 ][	 ]*\([_A-Za-z][_A-Za-z0-9]*\)$/\1 \2 \2/p' \> conftest.nm
configure:6147: $? = 0
configure:6201: gcc -std=gnu99 -o conftest -g -O2   conftest.c conftstm.o >&5
configure:6204: $? = 0
configure:6242: result: ok
configure:6338: gcc -std=gnu99 -c -g -O2  conftest.c >&5
configure:6341: $? = 0
configure:7109: checking how to run the C preprocessor
configure:7149: gcc -std=gnu99 -E  conftest.c
configure:7156: $? = 0
configure:7187: gcc -std=gnu99 -E  conftest.c
conftest.c:10:28: error: ac_nonexistent.h: No such file or directory
configure:7194: $? = 1
configure: failed program was:
| /* confdefs.h.  */
| #define PACKAGE_NAME "GD"
| #define PACKAGE_TARNAME "libgd"
| #define PACKAGE_VERSION "2.1.0"
| #define PACKAGE_STRING "GD 2.1.0"
| #define PACKAGE_BUGREPORT "https://bitbucket.org/libgd/gd-libgd/issues"
| #define PACKAGE "libgd"
| #define VERSION "2.1.0"
| /* end confdefs.h.  */
| #include <ac_nonexistent.h>
configure:7227: result: gcc -std=gnu99 -E
configure:7256: gcc -std=gnu99 -E  conftest.c
configure:7263: $? = 0
configure:7294: gcc -std=gnu99 -E  conftest.c
conftest.c:10:28: error: ac_nonexistent.h: No such file or directory
configure:7301: $? = 1
configure: failed program was:
| /* confdefs.h.  */
| #define PACKAGE_NAME "GD"
| #define PACKAGE_TARNAME "libgd"
| #define PACKAGE_VERSION "2.1.0"
| #define PACKAGE_STRING "GD 2.1.0"
| #define PACKAGE_BUGREPORT "https://bitbucket.org/libgd/gd-libgd/issues"
| #define PACKAGE "libgd"
| #define VERSION "2.1.0"
| /* end confdefs.h.  */
| #include <ac_nonexistent.h>
configure:7341: checking for ANSI C header files
configure:7371: gcc -std=gnu99 -c -g -O2  conftest.c >&5
configure:7378: $? = 0
configure:7477: gcc -std=gnu99 -o conftest -g -O2   conftest.c  >&5
configure:7481: $? = 0
configure:7487: ./conftest
configure:7491: $? = 0
configure:7509: result: yes
configure:7533: checking for sys/types.h
configure:7554: gcc -std=gnu99 -c -g -O2  conftest.c >&5
configure:7561: $? = 0
configure:7578: result: yes
configure:7533: checking for sys/stat.h
configure:7554: gcc -std=gnu99 -c -g -O2  conftest.c >&5
configure:7561: $? = 0
configure:7578: result: yes
configure:7533: checking for stdlib.h
configure:7554: gcc -std=gnu99 -c -g -O2  conftest.c >&5
configure:7561: $? = 0
configure:7578: result: yes
configure:7533: checking for string.h
configure:7554: gcc -std=gnu99 -c -g -O2  conftest.c >&5
configure:7561: $? = 0
configure:7578: result: yes
configure:7533: checking for memory.h
configure:7554: gcc -std=gnu99 -c -g -O2  conftest.c >&5
configure:7561: $? = 0
configure:7578: result: yes
configure:7533: checking for strings.h
configure:7554: gcc -std=gnu99 -c -g -O2  conftest.c >&5
configure:7561: $? = 0
configure:7578: result: yes
configure:7533: checking for inttypes.h
configure:7554: gcc -std=gnu99 -c -g -O2  conftest.c >&5
configure:7561: $? = 0
configure:7578: result: yes
configure:7533: checking for stdint.h
configure:7554: gcc -std=gnu99 -c -g -O2  conftest.c >&5
configure:7561: $? = 0
configure:7578: result: yes
configure:7533: checking for unistd.h
configure:7554: gcc -std=gnu99 -c -g -O2  conftest.c >&5
configure:7561: $? = 0
configure:7578: result: yes
configure:7596: checking for dlfcn.h
configure:7617: gcc -std=gnu99 -c -g -O2  conftest.c >&5
configure:7624: $? = 0
configure:7641: result: yes
configure:7827: checking for objdir
configure:7842: result: .libs
configure:8138: checking if gcc -std=gnu99 supports -fno-rtti -fno-exceptions
configure:8156: gcc -std=gnu99 -c -g -O2  -fno-rtti -fno-exceptions conftest.c >&5
cc1: warning: command line option "-fno-rtti" is valid for C++/ObjC++ but not for C
configure:8160: $? = 0
configure:8173: result: no
configure:8193: checking for gcc -std=gnu99 option to produce PIC
configure:8465: result: -fPIC -DPIC
configure:8477: checking if gcc -std=gnu99 PIC flag -fPIC -DPIC works
configure:8495: gcc -std=gnu99 -c -g -O2  -fPIC -DPIC -DPIC conftest.c >&5
configure:8499: $? = 0
configure:8512: result: yes
configure:8536: checking if gcc -std=gnu99 static flag -static works
configure:8564: result: no
configure:8579: checking if gcc -std=gnu99 supports -c -o file.o
configure:8600: gcc -std=gnu99 -c -g -O2  -o out/conftest2.o conftest.c >&5
configure:8604: $? = 0
configure:8626: result: yes
configure:8634: checking if gcc -std=gnu99 supports -c -o file.o
configure:8681: result: yes
configure:8714: checking whether the gcc -std=gnu99 linker (/usr/bin/ld -m elf_x86_64) supports shared libraries
configure:9793: result: yes
configure:9830: checking whether -lc should be explicitly linked in
configure:9835: gcc -std=gnu99 -c -g -O2  conftest.c >&5
configure:9838: $? = 0
configure:9853: gcc -std=gnu99 -shared conftest.o  -v -Wl,-soname -Wl,conftest -o conftest 2\>\&1 \| /bin/grep  -lc  \>/dev/null 2\>\&1
configure:9856: $? = 0
configure:9868: result: no
configure:10032: checking dynamic linker characteristics
configure:10475: gcc -std=gnu99 -o conftest -g -O2   -Wl,-rpath -Wl,/foo conftest.c  >&5
configure:10482: $? = 0
configure:10727: result: GNU/Linux ld.so
configure:10829: checking how to hardcode library paths into programs
configure:10854: result: immediate
configure:11687: checking whether stripping libraries is possible
configure:11692: result: yes
configure:11727: checking if libtool supports shared libraries
configure:11729: result: yes
configure:11732: checking whether to build shared libraries
configure:11753: result: yes
configure:11756: checking whether to build static libraries
configure:11760: result: yes
configure:11795: checking whether ln -s works
configure:11799: result: yes
configure:11806: checking whether make sets $(MAKE)
configure:11828: result: yes
configure:11891: checking for pkg-config
configure:11909: found /usr/bin/pkg-config
configure:11921: result: /usr/bin/pkg-config
configure:11946: checking pkg-config is at least version 0.9.0
configure:11949: result: yes
configure:11958: checking for X
configure:12073: gcc -std=gnu99 -E  conftest.c
conftest.c:22:22: error: X11/Xlib.h: No such file or directory
configure:12080: $? = 1
configure: failed program was:
| /* confdefs.h.  */
| #define PACKAGE_NAME "GD"
| #define PACKAGE_TARNAME "libgd"
| #define PACKAGE_VERSION "2.1.0"
| #define PACKAGE_STRING "GD 2.1.0"
| #define PACKAGE_BUGREPORT "https://bitbucket.org/libgd/gd-libgd/issues"
| #define PACKAGE "libgd"
| #define VERSION "2.1.0"
| #define STDC_HEADERS 1
| #define HAVE_SYS_TYPES_H 1
| #define HAVE_SYS_STAT_H 1
| #define HAVE_STDLIB_H 1
| #define HAVE_STRING_H 1
| #define HAVE_MEMORY_H 1
| #define HAVE_STRINGS_H 1
| #define HAVE_INTTYPES_H 1
| #define HAVE_STDINT_H 1
| #define HAVE_UNISTD_H 1
| #define HAVE_DLFCN_H 1
| #define LT_OBJDIR ".libs/"
| /* end confdefs.h.  */
| #include <X11/Xlib.h>
configure:12129: gcc -std=gnu99 -o conftest -g -O2   conftest.c -lX11  >&5
conftest.c:22:22: error: X11/Xlib.h: No such file or directory
conftest.c: In function 'main':
conftest.c:26: warning: implicit declaration of function 'XrmInitialize'
configure:12136: $? = 1
configure: failed program was:
| /* confdefs.h.  */
| #define PACKAGE_NAME "GD"
| #define PACKAGE_TARNAME "libgd"
| #define PACKAGE_VERSION "2.1.0"
| #define PACKAGE_STRING "GD 2.1.0"
| #define PACKAGE_BUGREPORT "https://bitbucket.org/libgd/gd-libgd/issues"
| #define PACKAGE "libgd"
| #define VERSION "2.1.0"
| #define STDC_HEADERS 1
| #define HAVE_SYS_TYPES_H 1
| #define HAVE_SYS_STAT_H 1
| #define HAVE_STDLIB_H 1
| #define HAVE_STRING_H 1
| #define HAVE_MEMORY_H 1
| #define HAVE_STRINGS_H 1
| #define HAVE_INTTYPES_H 1
| #define HAVE_STDINT_H 1
| #define HAVE_UNISTD_H 1
| #define HAVE_DLFCN_H 1
| #define LT_OBJDIR ".libs/"
| /* end confdefs.h.  */
| #include <X11/Xlib.h>
| int
| main ()
| {
| XrmInitialize ()
|   ;
|   return 0;
| }
configure:12187: result: no
configure:12210: checking for ANSI C header files
configure:12378: result: yes
configure:12409: checking errno.h usability
configure:12426: gcc -std=gnu99 -c -g -O2  conftest.c >&5
configure:12433: $? = 0
configure:12447: result: yes
configure:12451: checking errno.h presence
configure:12466: gcc -std=gnu99 -E  conftest.c
configure:12473: $? = 0
configure:12487: result: yes
configure:12520: checking for errno.h
configure:12529: result: yes
configure:12409: checking limits.h usability
configure:12426: gcc -std=gnu99 -c -g -O2  conftest.c >&5
configure:12433: $? = 0
configure:12447: result: yes
configure:12451: checking limits.h presence
configure:12466: gcc -std=gnu99 -E  conftest.c
configure:12473: $? = 0
configure:12487: result: yes
configure:12520: checking for limits.h
configure:12529: result: yes
configure:12409: checking stddef.h usability
configure:12426: gcc -std=gnu99 -c -g -O2  conftest.c >&5
configure:12433: $? = 0
configure:12447: result: yes
configure:12451: checking stddef.h presence
configure:12466: gcc -std=gnu99 -E  conftest.c
configure:12473: $? = 0
configure:12487: result: yes
configure:12520: checking for stddef.h
configure:12529: result: yes
configure:12398: checking for stdlib.h
configure:12405: result: yes
configure:12398: checking for string.h
configure:12405: result: yes
configure:12398: checking for unistd.h
configure:12405: result: yes
configure:12586: checking for ld used by GCC
configure:12650: result: /usr/bin/ld -m elf_x86_64
configure:12659: checking if the linker (/usr/bin/ld -m elf_x86_64) is GNU ld
configure:12672: result: yes
configure:12679: checking for shared library run path origin
configure:12692: result: done
configure:13274: checking for iconv
configure:13306: gcc -std=gnu99 -o conftest -g -O2   conftest.c  >&5
configure:13313: $? = 0
configure:13390: result: yes
configure:13393: checking for working iconv
configure:13498: gcc -std=gnu99 -o conftest -g -O2   conftest.c  >&5
configure:13502: $? = 0
configure:13508: ./conftest
configure:13512: $? = 0
configure:13531: result: yes
configure:13561: checking for iconv declaration
configure:13600: gcc -std=gnu99 -c -g -O2  conftest.c >&5
configure:13607: $? = 0
configure:13626: result:
         extern size_t iconv (iconv_t cd, char * *inbuf, size_t *inbytesleft, char * *outbuf, size_t *outbytesleft);
configure:13656: checking iconv.h usability
configure:13673: gcc -std=gnu99 -c -g -O2  conftest.c >&5
configure:13680: $? = 0
configure:13694: result: yes
configure:13698: checking iconv.h presence
configure:13713: gcc -std=gnu99 -E  conftest.c
configure:13720: $? = 0
configure:13734: result: yes
configure:13767: checking for iconv.h
configure:13776: result: yes
configure:13786: checking whether iconv.h defines iconv_t
configure:13799: result: yes
configure:13828: checking for sin
configure:13884: gcc -std=gnu99 -o conftest -g -O2   conftest.c  >&5
conftest.c:56: warning: conflicting types for built-in function 'sin'
/tmp/ccnuyUUr.o: In function `main':
/back/make/php-5.5.25/ext/code_parse/libgd-2.1.0/conftest.c:67: undefined reference to `sin'
collect2: ld returned 1 exit status
configure:13891: $? = 1
configure: failed program was:
| /* confdefs.h.  */
| #define PACKAGE_NAME "GD"
| #define PACKAGE_TARNAME "libgd"
| #define PACKAGE_VERSION "2.1.0"
| #define PACKAGE_STRING "GD 2.1.0"
| #define PACKAGE_BUGREPORT "https://bitbucket.org/libgd/gd-libgd/issues"
| #define PACKAGE "libgd"
| #define VERSION "2.1.0"
| #define STDC_HEADERS 1
| #define HAVE_SYS_TYPES_H 1
| #define HAVE_SYS_STAT_H 1
| #define HAVE_STDLIB_H 1
| #define HAVE_STRING_H 1
| #define HAVE_MEMORY_H 1
| #define HAVE_STRINGS_H 1
| #define HAVE_INTTYPES_H 1
| #define HAVE_STDINT_H 1
| #define HAVE_UNISTD_H 1
| #define HAVE_DLFCN_H 1
| #define LT_OBJDIR ".libs/"
| #define STDC_HEADERS 1
| #define HAVE_ERRNO_H 1
| #define HAVE_LIMITS_H 1
| #define HAVE_STDDEF_H 1
| #define HAVE_STDLIB_H 1
| #define HAVE_STRING_H 1
| #define HAVE_UNISTD_H 1
| #define HAVE_ICONV 1
| #define ICONV_CONST 
| #define HAVE_ICONV_H 1
| #define HAVE_ICONV_T_DEF 1
| /* end confdefs.h.  */
| /* Define sin to an innocuous variant, in case <limits.h> declares sin.
|    For example, HP-UX 11i <limits.h> declares gettimeofday.  */
| #define sin innocuous_sin
| 
| /* System header to define __stub macros and hopefully few prototypes,
|     which can conflict with char sin (); below.
|     Prefer <limits.h> to <assert.h> if __STDC__ is defined, since
|     <limits.h> exists even on freestanding compilers.  */
| 
| #ifdef __STDC__
| # include <limits.h>
| #else
| # include <assert.h>
| #endif
| 
| #undef sin
| 
| /* Override any GCC internal prototype to avoid an error.
|    Use char because int might match the return type of a GCC
|    builtin and then its argument prototype would still apply.  */
| #ifdef __cplusplus
| extern "C"
| #endif
| char sin ();
| /* The GNU C library defines this for functions which it implements
|     to always fail with ENOSYS.  Some functions are actually named
|     something starting with __ and the normal name is an alias.  */
| #if defined __stub_sin || defined __stub___sin
| choke me
| #endif
| 
| int
| main ()
| {
| return sin ();
|   ;
|   return 0;
| }
configure:13911: result: no
configure:13917: checking for sin in -lm
configure:13952: gcc -std=gnu99 -o conftest -g -O2   conftest.c -lm   >&5
conftest.c:40: warning: conflicting types for built-in function 'sin'
configure:13959: $? = 0
configure:13980: result: yes
configure:14001: checking for deflate in -lz
configure:14036: gcc -std=gnu99 -o conftest -g -O2   conftest.c -lz  -lm  >&5
configure:14043: $? = 0
configure:14064: result: yes
configure:14102: checking for LIBPNG
configure:14109: $PKG_CONFIG --exists --print-errors "libpng"
Package libpng was not found in the pkg-config search path.
Perhaps you should add the directory containing `libpng.pc'
to the PKG_CONFIG_PATH environment variable
No package 'libpng' found
configure:14112: $? = 1
configure:14125: $PKG_CONFIG --exists --print-errors "libpng"
Package libpng was not found in the pkg-config search path.
Perhaps you should add the directory containing `libpng.pc'
to the PKG_CONFIG_PATH environment variable
No package 'libpng' found
configure:14128: $? = 1
configure:14141: result: no
No package 'libpng' found
configure:14234: checking for LIBFREETYPE
configure:14241: $PKG_CONFIG --exists --print-errors "freetype2 >= 9.8.3"
Package freetype2 was not found in the pkg-config search path.
Perhaps you should add the directory containing `freetype2.pc'
to the PKG_CONFIG_PATH environment variable
No package 'freetype2' found
configure:14244: $? = 1
configure:14257: $PKG_CONFIG --exists --print-errors "freetype2 >= 9.8.3"
Package freetype2 was not found in the pkg-config search path.
Perhaps you should add the directory containing `freetype2.pc'
to the PKG_CONFIG_PATH environment variable
No package 'freetype2' found
configure:14260: $? = 1
configure:14273: result: no
No package 'freetype2' found
configure:14367: checking for LIBFONTCONFIG
configure:14374: $PKG_CONFIG --exists --print-errors "fontconfig"
Package fontconfig was not found in the pkg-config search path.
Perhaps you should add the directory containing `fontconfig.pc'
to the PKG_CONFIG_PATH environment variable
No package 'fontconfig' found
configure:14377: $? = 1
configure:14390: $PKG_CONFIG --exists --print-errors "fontconfig"
Package fontconfig was not found in the pkg-config search path.
Perhaps you should add the directory containing `fontconfig.pc'
to the PKG_CONFIG_PATH environment variable
No package 'fontconfig' found
configure:14393: $? = 1
configure:14406: result: no
No package 'fontconfig' found
configure:14581: checking for jpeg_set_defaults in -ljpeg
configure:14616: gcc -std=gnu99 -o conftest -g -O2   conftest.c -ljpeg  -lz -lm  >&5
configure:14623: $? = 0
configure:14644: result: yes
configure:14680: checking for LIBXPM
configure:14687: $PKG_CONFIG --exists --print-errors "xpm"
Package xpm was not found in the pkg-config search path.
Perhaps you should add the directory containing `xpm.pc'
to the PKG_CONFIG_PATH environment variable
No package 'xpm' found
configure:14690: $? = 1
configure:14703: $PKG_CONFIG --exists --print-errors "xpm"
Package xpm was not found in the pkg-config search path.
Perhaps you should add the directory containing `xpm.pc'
to the PKG_CONFIG_PATH environment variable
No package 'xpm' found
configure:14706: $? = 1
configure:14719: result: no
No package 'xpm' found
configure:14895: checking for LIBVPX
configure:14902: $PKG_CONFIG --exists --print-errors "vpx"
Package vpx was not found in the pkg-config search path.
Perhaps you should add the directory containing `vpx.pc'
to the PKG_CONFIG_PATH environment variable
No package 'vpx' found
configure:14905: $? = 1
configure:14918: $PKG_CONFIG --exists --print-errors "vpx"
Package vpx was not found in the pkg-config search path.
Perhaps you should add the directory containing `vpx.pc'
to the PKG_CONFIG_PATH environment variable
No package 'vpx' found
configure:14921: $? = 1
configure:14934: result: no
No package 'vpx' found
configure:14953: checking for LIBVPX
configure:14960: $PKG_CONFIG --exists --print-errors "libvpx"
Package libvpx was not found in the pkg-config search path.
Perhaps you should add the directory containing `libvpx.pc'
to the PKG_CONFIG_PATH environment variable
No package 'libvpx' found
configure:14963: $? = 1
configure:14976: $PKG_CONFIG --exists --print-errors "libvpx"
Package libvpx was not found in the pkg-config search path.
Perhaps you should add the directory containing `libvpx.pc'
to the PKG_CONFIG_PATH environment variable
No package 'libvpx' found
configure:14979: $? = 1
configure:14992: result: no
No package 'libvpx' found
configure:15264: checking for LIBTIFF
configure:15271: $PKG_CONFIG --exists --print-errors "libtiff-4"
Package libtiff-4 was not found in the pkg-config search path.
Perhaps you should add the directory containing `libtiff-4.pc'
to the PKG_CONFIG_PATH environment variable
No package 'libtiff-4' found
configure:15274: $? = 1
configure:15287: $PKG_CONFIG --exists --print-errors "libtiff-4"
Package libtiff-4 was not found in the pkg-config search path.
Perhaps you should add the directory containing `libtiff-4.pc'
to the PKG_CONFIG_PATH environment variable
No package 'libtiff-4' found
configure:15290: $? = 1
configure:15303: result: no
No package 'libtiff-4' found
configure:15470: checking for simple visibility declarations
configure:15502: gcc -std=gnu99 -c -g -O2 -fvisibility=hidden  conftest.c >&5
configure:15509: $? = 0
configure:15526: result: yes
configure:15742: checking for the pthreads library -lpthreads
configure:15790: gcc -std=gnu99 -o conftest -g -O2 -fvisibility=hidden    conftest.c -lpthreads -ljpeg -lz -lm  >&5
/usr/bin/ld: cannot find -lpthreads
collect2: ld returned 1 exit status
configure:15797: $? = 1
configure: failed program was:
| /* confdefs.h.  */
| #define PACKAGE_NAME "GD"
| #define PACKAGE_TARNAME "libgd"
| #define PACKAGE_VERSION "2.1.0"
| #define PACKAGE_STRING "GD 2.1.0"
| #define PACKAGE_BUGREPORT "https://bitbucket.org/libgd/gd-libgd/issues"
| #define PACKAGE "libgd"
| #define VERSION "2.1.0"
| #define STDC_HEADERS 1
| #define HAVE_SYS_TYPES_H 1
| #define HAVE_SYS_STAT_H 1
| #define HAVE_STDLIB_H 1
| #define HAVE_STRING_H 1
| #define HAVE_MEMORY_H 1
| #define HAVE_STRINGS_H 1
| #define HAVE_INTTYPES_H 1
| #define HAVE_STDINT_H 1
| #define HAVE_UNISTD_H 1
| #define HAVE_DLFCN_H 1
| #define LT_OBJDIR ".libs/"
| #define STDC_HEADERS 1
| #define HAVE_ERRNO_H 1
| #define HAVE_LIMITS_H 1
| #define HAVE_STDDEF_H 1
| #define HAVE_STDLIB_H 1
| #define HAVE_STRING_H 1
| #define HAVE_UNISTD_H 1
| #define HAVE_ICONV 1
| #define ICONV_CONST 
| #define HAVE_ICONV_H 1
| #define HAVE_ICONV_T_DEF 1
| #define HAVE_LIBM 1
| #define HAVE_LIBZ 1
| #define HAVE_LIBJPEG 1
| #define HAVE_VISIBILITY 1
| /* end confdefs.h.  */
| #include <pthread.h>
|                         static void routine(void *a) { a = 0; }
|                         static void *start_routine(void *a) { return a; }
| int
| main ()
| {
| pthread_t th; pthread_attr_t attr;
|                         pthread_create(&th, 0, start_routine, 0);
|                         pthread_join(th, 0);
|                         pthread_attr_init(&attr);
|                         pthread_cleanup_push(routine, 0);
|                         pthread_cleanup_pop(0) /* ; */
|   ;
|   return 0;
| }
configure:15820: result: no
configure:15687: checking whether pthreads work without any flags
configure:15790: gcc -std=gnu99 -o conftest -g -O2 -fvisibility=hidden    conftest.c  -ljpeg -lz -lm  >&5
/tmp/ccEDvwRG.o: In function `main':
/back/make/php-5.5.25/ext/code_parse/libgd-2.1.0/conftest.c:44: undefined reference to `pthread_create'
/back/make/php-5.5.25/ext/code_parse/libgd-2.1.0/conftest.c:45: undefined reference to `pthread_join'
/back/make/php-5.5.25/ext/code_parse/libgd-2.1.0/conftest.c:47: undefined reference to `__pthread_register_cancel'
/back/make/php-5.5.25/ext/code_parse/libgd-2.1.0/conftest.c:48: undefined reference to `__pthread_unregister_cancel'
collect2: ld returned 1 exit status
configure:15797: $? = 1
configure: failed program was:
| /* confdefs.h.  */
| #define PACKAGE_NAME "GD"
| #define PACKAGE_TARNAME "libgd"
| #define PACKAGE_VERSION "2.1.0"
| #define PACKAGE_STRING "GD 2.1.0"
| #define PACKAGE_BUGREPORT "https://bitbucket.org/libgd/gd-libgd/issues"
| #define PACKAGE "libgd"
| #define VERSION "2.1.0"
| #define STDC_HEADERS 1
| #define HAVE_SYS_TYPES_H 1
| #define HAVE_SYS_STAT_H 1
| #define HAVE_STDLIB_H 1
| #define HAVE_STRING_H 1
| #define HAVE_MEMORY_H 1
| #define HAVE_STRINGS_H 1
| #define HAVE_INTTYPES_H 1
| #define HAVE_STDINT_H 1
| #define HAVE_UNISTD_H 1
| #define HAVE_DLFCN_H 1
| #define LT_OBJDIR ".libs/"
| #define STDC_HEADERS 1
| #define HAVE_ERRNO_H 1
| #define HAVE_LIMITS_H 1
| #define HAVE_STDDEF_H 1
| #define HAVE_STDLIB_H 1
| #define HAVE_STRING_H 1
| #define HAVE_UNISTD_H 1
| #define HAVE_ICONV 1
| #define ICONV_CONST 
| #define HAVE_ICONV_H 1
| #define HAVE_ICONV_T_DEF 1
| #define HAVE_LIBM 1
| #define HAVE_LIBZ 1
| #define HAVE_LIBJPEG 1
| #define HAVE_VISIBILITY 1
| /* end confdefs.h.  */
| #include <pthread.h>
|                         static void routine(void *a) { a = 0; }
|                         static void *start_routine(void *a) { return a; }
| int
| main ()
| {
| pthread_t th; pthread_attr_t attr;
|                         pthread_create(&th, 0, start_routine, 0);
|                         pthread_join(th, 0);
|                         pthread_attr_init(&attr);
|                         pthread_cleanup_push(routine, 0);
|                         pthread_cleanup_pop(0) /* ; */
|   ;
|   return 0;
| }
configure:15820: result: no
configure:15692: checking whether pthreads work with -Kthread
configure:15790: gcc -std=gnu99 -o conftest -g -O2 -fvisibility=hidden -Kthread   conftest.c  -ljpeg -lz -lm  >&5
gcc: unrecognized option '-Kthread'
/tmp/ccmVYSgP.o: In function `main':
/back/make/php-5.5.25/ext/code_parse/libgd-2.1.0/conftest.c:44: undefined reference to `pthread_create'
/back/make/php-5.5.25/ext/code_parse/libgd-2.1.0/conftest.c:45: undefined reference to `pthread_join'
/back/make/php-5.5.25/ext/code_parse/libgd-2.1.0/conftest.c:47: undefined reference to `__pthread_register_cancel'
/back/make/php-5.5.25/ext/code_parse/libgd-2.1.0/conftest.c:48: undefined reference to `__pthread_unregister_cancel'
collect2: ld returned 1 exit status
configure:15797: $? = 1
configure: failed program was:
| /* confdefs.h.  */
| #define PACKAGE_NAME "GD"
| #define PACKAGE_TARNAME "libgd"
| #define PACKAGE_VERSION "2.1.0"
| #define PACKAGE_STRING "GD 2.1.0"
| #define PACKAGE_BUGREPORT "https://bitbucket.org/libgd/gd-libgd/issues"
| #define PACKAGE "libgd"
| #define VERSION "2.1.0"
| #define STDC_HEADERS 1
| #define HAVE_SYS_TYPES_H 1
| #define HAVE_SYS_STAT_H 1
| #define HAVE_STDLIB_H 1
| #define HAVE_STRING_H 1
| #define HAVE_MEMORY_H 1
| #define HAVE_STRINGS_H 1
| #define HAVE_INTTYPES_H 1
| #define HAVE_STDINT_H 1
| #define HAVE_UNISTD_H 1
| #define HAVE_DLFCN_H 1
| #define LT_OBJDIR ".libs/"
| #define STDC_HEADERS 1
| #define HAVE_ERRNO_H 1
| #define HAVE_LIMITS_H 1
| #define HAVE_STDDEF_H 1
| #define HAVE_STDLIB_H 1
| #define HAVE_STRING_H 1
| #define HAVE_UNISTD_H 1
| #define HAVE_ICONV 1
| #define ICONV_CONST 
| #define HAVE_ICONV_H 1
| #define HAVE_ICONV_T_DEF 1
| #define HAVE_LIBM 1
| #define HAVE_LIBZ 1
| #define HAVE_LIBJPEG 1
| #define HAVE_VISIBILITY 1
| /* end confdefs.h.  */
| #include <pthread.h>
|                         static void routine(void *a) { a = 0; }
|                         static void *start_routine(void *a) { return a; }
| int
| main ()
| {
| pthread_t th; pthread_attr_t attr;
|                         pthread_create(&th, 0, start_routine, 0);
|                         pthread_join(th, 0);
|                         pthread_attr_init(&attr);
|                         pthread_cleanup_push(routine, 0);
|                         pthread_cleanup_pop(0) /* ; */
|   ;
|   return 0;
| }
configure:15820: result: no
configure:15692: checking whether pthreads work with -kthread
configure:15790: gcc -std=gnu99 -o conftest -g -O2 -fvisibility=hidden -kthread   conftest.c  -ljpeg -lz -lm  >&5
gcc: unrecognized option '-kthread'
/tmp/cc91RLqT.o: In function `main':
/back/make/php-5.5.25/ext/code_parse/libgd-2.1.0/conftest.c:44: undefined reference to `pthread_create'
/back/make/php-5.5.25/ext/code_parse/libgd-2.1.0/conftest.c:45: undefined reference to `pthread_join'
/back/make/php-5.5.25/ext/code_parse/libgd-2.1.0/conftest.c:47: undefined reference to `__pthread_register_cancel'
/back/make/php-5.5.25/ext/code_parse/libgd-2.1.0/conftest.c:48: undefined reference to `__pthread_unregister_cancel'
collect2: ld returned 1 exit status
configure:15797: $? = 1
configure: failed program was:
| /* confdefs.h.  */
| #define PACKAGE_NAME "GD"
| #define PACKAGE_TARNAME "libgd"
| #define PACKAGE_VERSION "2.1.0"
| #define PACKAGE_STRING "GD 2.1.0"
| #define PACKAGE_BUGREPORT "https://bitbucket.org/libgd/gd-libgd/issues"
| #define PACKAGE "libgd"
| #define VERSION "2.1.0"
| #define STDC_HEADERS 1
| #define HAVE_SYS_TYPES_H 1
| #define HAVE_SYS_STAT_H 1
| #define HAVE_STDLIB_H 1
| #define HAVE_STRING_H 1
| #define HAVE_MEMORY_H 1
| #define HAVE_STRINGS_H 1
| #define HAVE_INTTYPES_H 1
| #define HAVE_STDINT_H 1
| #define HAVE_UNISTD_H 1
| #define HAVE_DLFCN_H 1
| #define LT_OBJDIR ".libs/"
| #define STDC_HEADERS 1
| #define HAVE_ERRNO_H 1
| #define HAVE_LIMITS_H 1
| #define HAVE_STDDEF_H 1
| #define HAVE_STDLIB_H 1
| #define HAVE_STRING_H 1
| #define HAVE_UNISTD_H 1
| #define HAVE_ICONV 1
| #define ICONV_CONST 
| #define HAVE_ICONV_H 1
| #define HAVE_ICONV_T_DEF 1
| #define HAVE_LIBM 1
| #define HAVE_LIBZ 1
| #define HAVE_LIBJPEG 1
| #define HAVE_VISIBILITY 1
| /* end confdefs.h.  */
| #include <pthread.h>
|                         static void routine(void *a) { a = 0; }
|                         static void *start_routine(void *a) { return a; }
| int
| main ()
| {
| pthread_t th; pthread_attr_t attr;
|                         pthread_create(&th, 0, start_routine, 0);
|                         pthread_join(th, 0);
|                         pthread_attr_init(&attr);
|                         pthread_cleanup_push(routine, 0);
|                         pthread_cleanup_pop(0) /* ; */
|   ;
|   return 0;
| }
configure:15820: result: no
configure:15742: checking for the pthreads library -llthread
configure:15790: gcc -std=gnu99 -o conftest -g -O2 -fvisibility=hidden    conftest.c -llthread -ljpeg -lz -lm  >&5
/usr/bin/ld: cannot find -llthread
collect2: ld returned 1 exit status
configure:15797: $? = 1
configure: failed program was:
| /* confdefs.h.  */
| #define PACKAGE_NAME "GD"
| #define PACKAGE_TARNAME "libgd"
| #define PACKAGE_VERSION "2.1.0"
| #define PACKAGE_STRING "GD 2.1.0"
| #define PACKAGE_BUGREPORT "https://bitbucket.org/libgd/gd-libgd/issues"
| #define PACKAGE "libgd"
| #define VERSION "2.1.0"
| #define STDC_HEADERS 1
| #define HAVE_SYS_TYPES_H 1
| #define HAVE_SYS_STAT_H 1
| #define HAVE_STDLIB_H 1
| #define HAVE_STRING_H 1
| #define HAVE_MEMORY_H 1
| #define HAVE_STRINGS_H 1
| #define HAVE_INTTYPES_H 1
| #define HAVE_STDINT_H 1
| #define HAVE_UNISTD_H 1
| #define HAVE_DLFCN_H 1
| #define LT_OBJDIR ".libs/"
| #define STDC_HEADERS 1
| #define HAVE_ERRNO_H 1
| #define HAVE_LIMITS_H 1
| #define HAVE_STDDEF_H 1
| #define HAVE_STDLIB_H 1
| #define HAVE_STRING_H 1
| #define HAVE_UNISTD_H 1
| #define HAVE_ICONV 1
| #define ICONV_CONST 
| #define HAVE_ICONV_H 1
| #define HAVE_ICONV_T_DEF 1
| #define HAVE_LIBM 1
| #define HAVE_LIBZ 1
| #define HAVE_LIBJPEG 1
| #define HAVE_VISIBILITY 1
| /* end confdefs.h.  */
| #include <pthread.h>
|                         static void routine(void *a) { a = 0; }
|                         static void *start_routine(void *a) { return a; }
| int
| main ()
| {
| pthread_t th; pthread_attr_t attr;
|                         pthread_create(&th, 0, start_routine, 0);
|                         pthread_join(th, 0);
|                         pthread_attr_init(&attr);
|                         pthread_cleanup_push(routine, 0);
|                         pthread_cleanup_pop(0) /* ; */
|   ;
|   return 0;
| }
configure:15820: result: no
configure:15692: checking whether pthreads work with -pthread
configure:15790: gcc -std=gnu99 -o conftest -g -O2 -fvisibility=hidden -pthread   conftest.c  -ljpeg -lz -lm  >&5
configure:15797: $? = 0
configure:15820: result: yes
configure:15839: checking for joinable pthread attribute
configure:15864: gcc -std=gnu99 -o conftest -g -O2 -fvisibility=hidden -pthread   conftest.c  -ljpeg -lz -lm  >&5
configure:15871: $? = 0
configure:15891: result: PTHREAD_CREATE_JOINABLE
configure:15901: checking if more special flags are required for pthreads
configure:15915: result: no
configure:15921: checking for PTHREAD_PRIO_INHERIT
configure:15949: gcc -std=gnu99 -o conftest -g -O2 -fvisibility=hidden -pthread   conftest.c  -ljpeg -lz -lm  >&5
conftest.c: In function 'main':
conftest.c:42: error: 'PTHREAD_PRIO_INHERIT' undeclared (first use in this function)
conftest.c:42: error: (Each undeclared identifier is reported only once
conftest.c:42: error: for each function it appears in.)
configure:15956: $? = 1
configure: failed program was:
| 
|                     /* confdefs.h.  */
| #define PACKAGE_NAME "GD"
| #define PACKAGE_TARNAME "libgd"
| #define PACKAGE_VERSION "2.1.0"
| #define PACKAGE_STRING "GD 2.1.0"
| #define PACKAGE_BUGREPORT "https://bitbucket.org/libgd/gd-libgd/issues"
| #define PACKAGE "libgd"
| #define VERSION "2.1.0"
| #define STDC_HEADERS 1
| #define HAVE_SYS_TYPES_H 1
| #define HAVE_SYS_STAT_H 1
| #define HAVE_STDLIB_H 1
| #define HAVE_STRING_H 1
| #define HAVE_MEMORY_H 1
| #define HAVE_STRINGS_H 1
| #define HAVE_INTTYPES_H 1
| #define HAVE_STDINT_H 1
| #define HAVE_UNISTD_H 1
| #define HAVE_DLFCN_H 1
| #define LT_OBJDIR ".libs/"
| #define STDC_HEADERS 1
| #define HAVE_ERRNO_H 1
| #define HAVE_LIMITS_H 1
| #define HAVE_STDDEF_H 1
| #define HAVE_STDLIB_H 1
| #define HAVE_STRING_H 1
| #define HAVE_UNISTD_H 1
| #define HAVE_ICONV 1
| #define ICONV_CONST 
| #define HAVE_ICONV_H 1
| #define HAVE_ICONV_T_DEF 1
| #define HAVE_LIBM 1
| #define HAVE_LIBZ 1
| #define HAVE_LIBJPEG 1
| #define HAVE_VISIBILITY 1
| /* end confdefs.h.  */
| #include <pthread.h>
| int
| main ()
| {
| int i = PTHREAD_PRIO_INHERIT;
|   ;
|   return 0;
| }
configure:15977: result: no
configure:16080: checking whether we are building for a Win32 host
configure:16102: gcc -std=gnu99 -c -g -O2 -fvisibility=hidden  conftest.c >&5
configure:16109: $? = 0
configure:16124: result: no
configure:16147: result:
** Configuration summary for libgd 2.1.0:

   Support for Zlib:                 yes
   Support for PNG library:          no
   Support for JPEG library:         yes
   Support for VPX library:          no
   Support for TIFF library:         no
   Support for Freetype 2.x library: no
   Support for Fontconfig library:   no
   Support for Xpm library:          no
   Support for pthreads:             yes

configure:16345: creating ./config.status

## ---------------------- ##
## Running config.status. ##
## ---------------------- ##

This file was extended by GD config.status 2.1.0, which was
generated by GNU Autoconf 2.63.  Invocation command line was

  CONFIG_FILES    = 
  CONFIG_HEADERS  = 
  CONFIG_LINKS    = 
  CONFIG_COMMANDS = 
  $ ./config.status 

on verylcg

config.status:1052: creating Makefile
config.status:1052: creating src/Makefile
config.status:1052: creating tests/Makefile
config.status:1052: creating tests/test_config.h
config.status:1052: creating config/Makefile
config.status:1052: creating config/gdlib-config
config.status:1052: creating config/gdlib.pc
config.status:1052: creating src/config.h
config.status:1274: src/config.h is unchanged
config.status:1326: executing depfiles commands
config.status:1326: executing libtool commands

## ---------------- ##
## Cache variables. ##
## ---------------- ##

ac_cv_build=x86_64-unknown-linux-gnu
ac_cv_c_compiler_gnu=yes
ac_cv_env_CC_set=
ac_cv_env_CC_value=
ac_cv_env_CFLAGS_set=
ac_cv_env_CFLAGS_value=
ac_cv_env_CPPFLAGS_set=
ac_cv_env_CPPFLAGS_value=
ac_cv_env_CPP_set=
ac_cv_env_CPP_value=
ac_cv_env_LDFLAGS_set=
ac_cv_env_LDFLAGS_value=
ac_cv_env_LIBFONTCONFIG_CFLAGS_set=
ac_cv_env_LIBFONTCONFIG_CFLAGS_value=
ac_cv_env_LIBFONTCONFIG_LIBS_set=
ac_cv_env_LIBFONTCONFIG_LIBS_value=
ac_cv_env_LIBFREETYPE_CFLAGS_set=
ac_cv_env_LIBFREETYPE_CFLAGS_value=
ac_cv_env_LIBFREETYPE_LIBS_set=
ac_cv_env_LIBFREETYPE_LIBS_value=
ac_cv_env_LIBPNG_CFLAGS_set=
ac_cv_env_LIBPNG_CFLAGS_value=
ac_cv_env_LIBPNG_LIBS_set=
ac_cv_env_LIBPNG_LIBS_value=
ac_cv_env_LIBS_set=
ac_cv_env_LIBS_value=
ac_cv_env_LIBTIFF_CFLAGS_set=
ac_cv_env_LIBTIFF_CFLAGS_value=
ac_cv_env_LIBTIFF_LIBS_set=
ac_cv_env_LIBTIFF_LIBS_value=
ac_cv_env_LIBVPX_CFLAGS_set=
ac_cv_env_LIBVPX_CFLAGS_value=
ac_cv_env_LIBVPX_LIBS_set=
ac_cv_env_LIBVPX_LIBS_value=
ac_cv_env_LIBXPM_CFLAGS_set=
ac_cv_env_LIBXPM_CFLAGS_value=
ac_cv_env_LIBXPM_LIBS_set=
ac_cv_env_LIBXPM_LIBS_value=
ac_cv_env_PKG_CONFIG_LIBDIR_set=
ac_cv_env_PKG_CONFIG_LIBDIR_value=
ac_cv_env_PKG_CONFIG_PATH_set=
ac_cv_env_PKG_CONFIG_PATH_value=
ac_cv_env_PKG_CONFIG_set=
ac_cv_env_PKG_CONFIG_value=
ac_cv_env_XMKMF_set=
ac_cv_env_XMKMF_value=
ac_cv_env_build_alias_set=
ac_cv_env_build_alias_value=
ac_cv_env_host_alias_set=
ac_cv_env_host_alias_value=
ac_cv_env_target_alias_set=
ac_cv_env_target_alias_value=
ac_cv_func_sin=no
ac_cv_have_x=have_x=no
ac_cv_header_dlfcn_h=yes
ac_cv_header_errno_h=yes
ac_cv_header_iconv_h=yes
ac_cv_header_inttypes_h=yes
ac_cv_header_limits_h=yes
ac_cv_header_memory_h=yes
ac_cv_header_stdc=yes
ac_cv_header_stddef_h=yes
ac_cv_header_stdint_h=yes
ac_cv_header_stdlib_h=yes
ac_cv_header_string_h=yes
ac_cv_header_strings_h=yes
ac_cv_header_sys_stat_h=yes
ac_cv_header_sys_types_h=yes
ac_cv_header_unistd_h=yes
ac_cv_host=x86_64-unknown-linux-gnu
ac_cv_lib_jpeg_jpeg_set_defaults=yes
ac_cv_lib_m_sin=yes
ac_cv_lib_z_deflate=yes
ac_cv_objext=o
ac_cv_path_EGREP='/bin/grep -E'
ac_cv_path_FGREP='/bin/grep -F'
ac_cv_path_GREP=/bin/grep
ac_cv_path_SED=/bin/sed
ac_cv_path_ac_pt_PKG_CONFIG=/usr/bin/pkg-config
ac_cv_path_install='/usr/bin/install -c'
ac_cv_path_mkdir=/bin/mkdir
ac_cv_prog_AWK=gawk
ac_cv_prog_CPP='gcc -std=gnu99 -E'
ac_cv_prog_ac_ct_AR=ar
ac_cv_prog_ac_ct_CC=gcc
ac_cv_prog_ac_ct_OBJDUMP=objdump
ac_cv_prog_ac_ct_RANLIB=ranlib
ac_cv_prog_ac_ct_STRIP=strip
ac_cv_prog_cc_c89=
ac_cv_prog_cc_c99=-std=gnu99
ac_cv_prog_cc_g=yes
ac_cv_prog_cc_gcc_c_o=yes
ac_cv_prog_cc_stdc=-std=gnu99
ac_cv_prog_make_make_set=yes
acl_cv_hardcode_direct=no
acl_cv_hardcode_libdir_flag_spec='${wl}-rpath ${wl}$libdir'
acl_cv_hardcode_libdir_separator=
acl_cv_hardcode_minus_L=no
acl_cv_libext=a
acl_cv_libname_spec='lib$name'
acl_cv_library_names_spec='$libname$shrext'
acl_cv_path_LD='/usr/bin/ld -m elf_x86_64'
acl_cv_prog_gnu_ld=yes
acl_cv_rpath=done
acl_cv_shlibext=so
acl_cv_wl=-Wl,
am_cv_CC_dependencies_compiler_type=gcc3
am_cv_func_iconv=yes
am_cv_func_iconv_works=yes
am_cv_lib_iconv=no
am_cv_proto_iconv='extern size_t iconv (iconv_t cd, char * *inbuf, size_t *inbytesleft, char * *outbuf, size_t *outbytesleft);'
am_cv_proto_iconv_arg1=
ax_cv_PTHREAD_PRIO_INHERIT=no
gl_cv_cc_visibility=yes
lt_cv_deplibs_check_method=pass_all
lt_cv_file_magic_cmd='$MAGIC_CMD'
lt_cv_file_magic_test_file=
lt_cv_ld_reload_flag=-r
lt_cv_nm_interface='BSD nm'
lt_cv_objdir=.libs
lt_cv_path_LD=/usr/bin/ld
lt_cv_path_NM='/usr/bin/nm -B'
lt_cv_prog_compiler_c_o=yes
lt_cv_prog_compiler_pic_works=yes
lt_cv_prog_compiler_rtti_exceptions=no
lt_cv_prog_compiler_static_works=no
lt_cv_prog_gnu_ld=yes
lt_cv_sys_global_symbol_pipe='sed -n -e '\''s/^.*[	 ]\([ABCDGIRSTW][ABCDGIRSTW]*\)[	 ][	 ]*\([_A-Za-z][_A-Za-z0-9]*\)$/\1 \2 \2/p'\'''
lt_cv_sys_global_symbol_to_c_name_address='sed -n -e '\''s/^: \([^ ]*\) $/  {\"\1\", (void *) 0},/p'\'' -e '\''s/^[ABCDGIRSTW]* \([^ ]*\) \([^ ]*\)$/  {"\2", (void *) \&\2},/p'\'''
lt_cv_sys_global_symbol_to_c_name_address_lib_prefix='sed -n -e '\''s/^: \([^ ]*\) $/  {\"\1\", (void *) 0},/p'\'' -e '\''s/^[ABCDGIRSTW]* \([^ ]*\) \(lib[^ ]*\)$/  {"\2", (void *) \&\2},/p'\'' -e '\''s/^[ABCDGIRSTW]* \([^ ]*\) \([^ ]*\)$/  {"lib\2", (void *) \&\2},/p'\'''
lt_cv_sys_global_symbol_to_cdecl='sed -n -e '\''s/^T .* \(.*\)$/extern int \1();/p'\'' -e '\''s/^[ABCDGIRSTW]* .* \(.*\)$/extern char \1;/p'\'''
lt_cv_sys_max_cmd_len=1572864
mingw_cv_win32_host=no

## ----------------- ##
## Output variables. ##
## ----------------- ##

ACLOCAL='${SHELL} /back/make/php-5.5.25/ext/code_parse/libgd-2.1.0/config/missing --run aclocal-1.11'
AMDEPBACKSLASH='\'
AMDEP_FALSE='#'
AMDEP_TRUE=''
AMTAR='${SHELL} /back/make/php-5.5.25/ext/code_parse/libgd-2.1.0/config/missing --run tar'
AR='ar'
AUTOCONF='${SHELL} /back/make/php-5.5.25/ext/code_parse/libgd-2.1.0/config/missing --run autoconf'
AUTOHEADER='${SHELL} /back/make/php-5.5.25/ext/code_parse/libgd-2.1.0/config/missing --run autoheader'
AUTOMAKE='${SHELL} /back/make/php-5.5.25/ext/code_parse/libgd-2.1.0/config/missing --run automake-1.11'
AWK='gawk'
CC='gcc -std=gnu99'
CCDEPMODE='depmode=gcc3'
CFLAGS='-g -O2 -fvisibility=hidden'
CFLAG_VISIBILITY='-fvisibility=hidden'
CPP='gcc -std=gnu99 -E'
CPPFLAGS=''
CYGPATH_W='echo'
DEFS='-DHAVE_CONFIG_H'
DEPDIR='.deps'
DSYMUTIL=''
DUMPBIN=''
ECHO_C=''
ECHO_N='-n'
ECHO_T=''
EGREP='/bin/grep -E'
EXEEXT=''
FEATURES='GD_JPEG GD_GIF GD_GIFANIM GD_OPENPOLYGON'
FGREP='/bin/grep -F'
GDLIB_AGE='0'
GDLIB_CURRENT='3'
GDLIB_EXTRA='gd_EXTRA'
GDLIB_MAJOR='2'
GDLIB_MINOR='1'
GDLIB_REVISION='0'
GREP='/bin/grep'
HAVE_LIBFONTCONFIG_FALSE=''
HAVE_LIBFONTCONFIG_TRUE='#'
HAVE_LIBFREETYPE_FALSE=''
HAVE_LIBFREETYPE_TRUE='#'
HAVE_LIBJPEG_FALSE='#'
HAVE_LIBJPEG_TRUE=''
HAVE_LIBPNG_FALSE=''
HAVE_LIBPNG_TRUE='#'
HAVE_LIBTIFF_FALSE=''
HAVE_LIBTIFF_TRUE='#'
HAVE_LIBVPX_FALSE=''
HAVE_LIBVPX_TRUE='#'
HAVE_LIBXPM_FALSE=''
HAVE_LIBXPM_TRUE='#'
HAVE_LIBZ_FALSE='#'
HAVE_LIBZ_TRUE=''
HAVE_VISIBILITY='1'
INSTALL_DATA='${INSTALL} -m 644'
INSTALL_PROGRAM='${INSTALL}'
INSTALL_SCRIPT='${INSTALL}'
INSTALL_STRIP_PROGRAM='$(install_sh) -c -s'
LD='/usr/bin/ld -m elf_x86_64'
LDFLAGS=''
LIBFONTCONFIG_CFLAGS=''
LIBFONTCONFIG_LIBS=''
LIBFREETYPE_CFLAGS=''
LIBFREETYPE_LIBS=''
LIBICONV=''
LIBOBJS=''
LIBPNG_CFLAGS=''
LIBPNG_LIBS=''
LIBS='-ljpeg -lz -lm '
LIBTIFF_CFLAGS=''
LIBTIFF_LIBS=''
LIBTOOL='$(SHELL) $(top_builddir)/libtool'
LIBVPX_CFLAGS=''
LIBVPX_LIBS=''
LIBXPM_CFLAGS=''
LIBXPM_LIBS=''
LIPO=''
LN_S='ln -s'
LTLIBICONV=''
LTLIBOBJS=''
MAKEINFO='${SHELL} /back/make/php-5.5.25/ext/code_parse/libgd-2.1.0/config/missing --run makeinfo'
MKDIR_P='/bin/mkdir -p'
NM='/usr/bin/nm -B'
NMEDIT=''
OBJDUMP='objdump'
OBJEXT='o'
OTOOL64=''
OTOOL=''
PACKAGE='libgd'
PACKAGE_BUGREPORT='https://bitbucket.org/libgd/gd-libgd/issues'
PACKAGE_NAME='GD'
PACKAGE_STRING='GD 2.1.0'
PACKAGE_TARNAME='libgd'
PACKAGE_VERSION='2.1.0'
PATH_SEPARATOR=':'
PKG_CONFIG='/usr/bin/pkg-config'
PKG_CONFIG_LIBDIR=''
PKG_CONFIG_PATH=''
PTHREAD_CC='gcc -std=gnu99'
PTHREAD_CFLAGS='-pthread'
PTHREAD_LIBS=''
RANLIB='ranlib'
SED='/bin/sed'
SET_MAKE=''
SHELL='/bin/sh'
STRIP='strip'
VERSION='2.1.0'
XMKMF=''
ac_ct_CC='gcc'
ac_ct_DUMPBIN=''
am__EXEEXT_FALSE=''
am__EXEEXT_TRUE='#'
am__fastdepCC_FALSE='#'
am__fastdepCC_TRUE=''
am__include='include'
am__isrc=''
am__leading_dot='.'
am__quote=''
am__tar='${AMTAR} chof - "$$tardir"'
am__untar='${AMTAR} xf -'
ax_pthread_config=''
bindir='${exec_prefix}/bin'
build='x86_64-unknown-linux-gnu'
build_alias=''
build_cpu='x86_64'
build_os='linux-gnu'
build_vendor='unknown'
datadir='${datarootdir}'
datarootdir='${prefix}/share'
docdir='${datarootdir}/doc/${PACKAGE_TARNAME}'
dvidir='${docdir}'
exec_prefix='${prefix}'
host='x86_64-unknown-linux-gnu'
host_alias=''
host_cpu='x86_64'
host_os='linux-gnu'
host_vendor='unknown'
htmldir='${docdir}'
includedir='${prefix}/include'
infodir='${datarootdir}/info'
install_sh='${SHELL} /back/make/php-5.5.25/ext/code_parse/libgd-2.1.0/config/install-sh'
libdir='${exec_prefix}/lib'
libexecdir='${exec_prefix}/libexec'
localedir='${datarootdir}/locale'
localstatedir='${prefix}/var'
lt_ECHO='echo'
mandir='${datarootdir}/man'
mkdir_p='/bin/mkdir -p'
oldincludedir='/usr/include'
pdfdir='${docdir}'
prefix='/usr/local'
program_transform_name='s,x,x,'
psdir='${docdir}'
sbindir='${exec_prefix}/sbin'
sharedstatedir='${prefix}/com'
sysconfdir='${prefix}/etc'
target_alias=''

## ----------- ##
## confdefs.h. ##
## ----------- ##

#define PACKAGE_NAME "GD"
#define PACKAGE_TARNAME "libgd"
#define PACKAGE_VERSION "2.1.0"
#define PACKAGE_STRING "GD 2.1.0"
#define PACKAGE_BUGREPORT "https://bitbucket.org/libgd/gd-libgd/issues"
#define PACKAGE "libgd"
#define VERSION "2.1.0"
#define STDC_HEADERS 1
#define HAVE_SYS_TYPES_H 1
#define HAVE_SYS_STAT_H 1
#define HAVE_STDLIB_H 1
#define HAVE_STRING_H 1
#define HAVE_MEMORY_H 1
#define HAVE_STRINGS_H 1
#define HAVE_INTTYPES_H 1
#define HAVE_STDINT_H 1
#define HAVE_UNISTD_H 1
#define HAVE_DLFCN_H 1
#define LT_OBJDIR ".libs/"
#define STDC_HEADERS 1
#define HAVE_ERRNO_H 1
#define HAVE_LIMITS_H 1
#define HAVE_STDDEF_H 1
#define HAVE_STDLIB_H 1
#define HAVE_STRING_H 1
#define HAVE_UNISTD_H 1
#define HAVE_ICONV 1
#define ICONV_CONST 
#define HAVE_ICONV_H 1
#define HAVE_ICONV_T_DEF 1
#define HAVE_LIBM 1
#define HAVE_LIBZ 1
#define HAVE_LIBJPEG 1
#define HAVE_VISIBILITY 1
#define HAVE_PTHREAD 1

configure: exit 0
