The system is: Linux - 2.6.32-358.el6.x86_64 - x86_64
Compiling the C compiler identification source file "CMakeCCompilerId.c" succeeded.
Compiler: /usr/bin/cc 
Build flags: 
Id flags: 

The output was:
0


Compilation of the C compiler identification source "CMakeCCompilerId.c" produced "a.out"

The C compiler identification is GNU, found in "/make/rabbitmq-c-master/temp/CMakeFiles/2.8.12.2/CompilerIdC/a.out"

Determining if the C compiler works passed with the following output:
Change Dir: /make/rabbitmq-c-master/temp/CMakeFiles/CMakeTmp

Run Build Command:/usr/bin/gmake "cmTryCompileExec980535949/fast"
/usr/bin/gmake -f CMakeFiles/cmTryCompileExec980535949.dir/build.make CMakeFiles/cmTryCompileExec980535949.dir/build
gmake[1]: Entering directory `/back/make/rabbitmq-c-master/temp/CMakeFiles/CMakeTmp'
/usr/bin/cmake -E cmake_progress_report /make/rabbitmq-c-master/temp/CMakeFiles/CMakeTmp/CMakeFiles 1
Building C object CMakeFiles/cmTryCompileExec980535949.dir/testCCompiler.c.o
/usr/bin/cc    -o CMakeFiles/cmTryCompileExec980535949.dir/testCCompiler.c.o   -c /make/rabbitmq-c-master/temp/CMakeFiles/CMakeTmp/testCCompiler.c
Linking C executable cmTryCompileExec980535949
/usr/bin/cmake -E cmake_link_script CMakeFiles/cmTryCompileExec980535949.dir/link.txt --verbose=1
/usr/bin/cc       CMakeFiles/cmTryCompileExec980535949.dir/testCCompiler.c.o  -o cmTryCompileExec980535949 -rdynamic 
gmake[1]: Leaving directory `/back/make/rabbitmq-c-master/temp/CMakeFiles/CMakeTmp'


Detecting C compiler ABI info compiled with the following output:
Change Dir: /make/rabbitmq-c-master/temp/CMakeFiles/CMakeTmp

Run Build Command:/usr/bin/gmake "cmTryCompileExec1615847404/fast"
/usr/bin/gmake -f CMakeFiles/cmTryCompileExec1615847404.dir/build.make CMakeFiles/cmTryCompileExec1615847404.dir/build
gmake[1]: Entering directory `/back/make/rabbitmq-c-master/temp/CMakeFiles/CMakeTmp'
/usr/bin/cmake -E cmake_progress_report /make/rabbitmq-c-master/temp/CMakeFiles/CMakeTmp/CMakeFiles 1
Building C object CMakeFiles/cmTryCompileExec1615847404.dir/CMakeCCompilerABI.c.o
/usr/bin/cc    -o CMakeFiles/cmTryCompileExec1615847404.dir/CMakeCCompilerABI.c.o   -c /usr/share/cmake/Modules/CMakeCCompilerABI.c
Linking C executable cmTryCompileExec1615847404
/usr/bin/cmake -E cmake_link_script CMakeFiles/cmTryCompileExec1615847404.dir/link.txt --verbose=1
/usr/bin/cc     -v CMakeFiles/cmTryCompileExec1615847404.dir/CMakeCCompilerABI.c.o  -o cmTryCompileExec1615847404 -rdynamic  
使用内建 specs。
目标：x86_64-redhat-linux
配置为：../configure --prefix=/usr --mandir=/usr/share/man --infodir=/usr/share/info --with-bugurl=http://bugzilla.redhat.com/bugzilla --enable-bootstrap --enable-shared --enable-threads=posix --enable-checking=release --with-system-zlib --enable-__cxa_atexit --disable-libunwind-exceptions --enable-gnu-unique-object --enable-languages=c,c++,objc,obj-c++,java,fortran,ada --enable-java-awt=gtk --disable-dssi --with-java-home=/usr/lib/jvm/java-1.5.0-gcj-1.5.0.0/jre --enable-libgcj-multifile --enable-java-maintainer-mode --with-ecj-jar=/usr/share/java/eclipse-ecj.jar --disable-libjava-multilib --with-ppl --with-cloog --with-tune=generic --with-arch_32=i686 --build=x86_64-redhat-linux
线程模型：posix
gcc 版本 4.4.7 20120313 (Red Hat 4.4.7-16) (GCC) 
COMPILER_PATH=/usr/libexec/gcc/x86_64-redhat-linux/4.4.7/:/usr/libexec/gcc/x86_64-redhat-linux/4.4.7/:/usr/libexec/gcc/x86_64-redhat-linux/:/usr/lib/gcc/x86_64-redhat-linux/4.4.7/:/usr/lib/gcc/x86_64-redhat-linux/:/usr/libexec/gcc/x86_64-redhat-linux/4.4.7/:/usr/libexec/gcc/x86_64-redhat-linux/:/usr/lib/gcc/x86_64-redhat-linux/4.4.7/:/usr/lib/gcc/x86_64-redhat-linux/
LIBRARY_PATH=/usr/lib/gcc/x86_64-redhat-linux/4.4.7/:/usr/lib/gcc/x86_64-redhat-linux/4.4.7/:/usr/lib/gcc/x86_64-redhat-linux/4.4.7/../../../../lib64/:/lib/../lib64/:/usr/lib/../lib64/:/usr/lib/gcc/x86_64-redhat-linux/4.4.7/../../../:/lib/:/usr/lib/
COLLECT_GCC_OPTIONS='-v' '-o' 'cmTryCompileExec1615847404' '-rdynamic' '-mtune=generic'
 /usr/libexec/gcc/x86_64-redhat-linux/4.4.7/collect2 --eh-frame-hdr --build-id -m elf_x86_64 --hash-style=gnu -export-dynamic -dynamic-linker /lib64/ld-linux-x86-64.so.2 -o cmTryCompileExec1615847404 /usr/lib/gcc/x86_64-redhat-linux/4.4.7/../../../../lib64/crt1.o /usr/lib/gcc/x86_64-redhat-linux/4.4.7/../../../../lib64/crti.o /usr/lib/gcc/x86_64-redhat-linux/4.4.7/crtbegin.o -L/usr/lib/gcc/x86_64-redhat-linux/4.4.7 -L/usr/lib/gcc/x86_64-redhat-linux/4.4.7 -L/usr/lib/gcc/x86_64-redhat-linux/4.4.7/../../../../lib64 -L/lib/../lib64 -L/usr/lib/../lib64 -L/usr/lib/gcc/x86_64-redhat-linux/4.4.7/../../.. CMakeFiles/cmTryCompileExec1615847404.dir/CMakeCCompilerABI.c.o -lgcc --as-needed -lgcc_s --no-as-needed -lc -lgcc --as-needed -lgcc_s --no-as-needed /usr/lib/gcc/x86_64-redhat-linux/4.4.7/crtend.o /usr/lib/gcc/x86_64-redhat-linux/4.4.7/../../../../lib64/crtn.o
gmake[1]: Leaving directory `/back/make/rabbitmq-c-master/temp/CMakeFiles/CMakeTmp'


Parsed C implicit link information from above output:
  link line regex: [^( *|.*[/\])(ld|([^/\]+-)?ld|collect2)[^/\]*( |$)]
  ignore line: [Change Dir: /make/rabbitmq-c-master/temp/CMakeFiles/CMakeTmp]
  ignore line: []
  ignore line: [Run Build Command:/usr/bin/gmake "cmTryCompileExec1615847404/fast"]
  ignore line: [/usr/bin/gmake -f CMakeFiles/cmTryCompileExec1615847404.dir/build.make CMakeFiles/cmTryCompileExec1615847404.dir/build]
  ignore line: [gmake[1]: Entering directory `/back/make/rabbitmq-c-master/temp/CMakeFiles/CMakeTmp']
  ignore line: [/usr/bin/cmake -E cmake_progress_report /make/rabbitmq-c-master/temp/CMakeFiles/CMakeTmp/CMakeFiles 1]
  ignore line: [Building C object CMakeFiles/cmTryCompileExec1615847404.dir/CMakeCCompilerABI.c.o]
  ignore line: [/usr/bin/cc    -o CMakeFiles/cmTryCompileExec1615847404.dir/CMakeCCompilerABI.c.o   -c /usr/share/cmake/Modules/CMakeCCompilerABI.c]
  ignore line: [Linking C executable cmTryCompileExec1615847404]
  ignore line: [/usr/bin/cmake -E cmake_link_script CMakeFiles/cmTryCompileExec1615847404.dir/link.txt --verbose=1]
  ignore line: [/usr/bin/cc     -v CMakeFiles/cmTryCompileExec1615847404.dir/CMakeCCompilerABI.c.o  -o cmTryCompileExec1615847404 -rdynamic  ]
  ignore line: [使用内建 specs。]
  ignore line: [目标：x86_64-redhat-linux]
  ignore line: [配置为：../configure --prefix=/usr --mandir=/usr/share/man --infodir=/usr/share/info --with-bugurl=http://bugzilla.redhat.com/bugzilla --enable-bootstrap --enable-shared --enable-threads=posix --enable-checking=release --with-system-zlib --enable-__cxa_atexit --disable-libunwind-exceptions --enable-gnu-unique-object --enable-languages=c,c++,objc,obj-c++,java,fortran,ada --enable-java-awt=gtk --disable-dssi --with-java-home=/usr/lib/jvm/java-1.5.0-gcj-1.5.0.0/jre --enable-libgcj-multifile --enable-java-maintainer-mode --with-ecj-jar=/usr/share/java/eclipse-ecj.jar --disable-libjava-multilib --with-ppl --with-cloog --with-tune=generic --with-arch_32=i686 --build=x86_64-redhat-linux]
  ignore line: [线程模型：posix]
  ignore line: [gcc 版本 4.4.7 20120313 (Red Hat 4.4.7-16) (GCC) ]
  ignore line: [COMPILER_PATH=/usr/libexec/gcc/x86_64-redhat-linux/4.4.7/:/usr/libexec/gcc/x86_64-redhat-linux/4.4.7/:/usr/libexec/gcc/x86_64-redhat-linux/:/usr/lib/gcc/x86_64-redhat-linux/4.4.7/:/usr/lib/gcc/x86_64-redhat-linux/:/usr/libexec/gcc/x86_64-redhat-linux/4.4.7/:/usr/libexec/gcc/x86_64-redhat-linux/:/usr/lib/gcc/x86_64-redhat-linux/4.4.7/:/usr/lib/gcc/x86_64-redhat-linux/]
  ignore line: [LIBRARY_PATH=/usr/lib/gcc/x86_64-redhat-linux/4.4.7/:/usr/lib/gcc/x86_64-redhat-linux/4.4.7/:/usr/lib/gcc/x86_64-redhat-linux/4.4.7/../../../../lib64/:/lib/../lib64/:/usr/lib/../lib64/:/usr/lib/gcc/x86_64-redhat-linux/4.4.7/../../../:/lib/:/usr/lib/]
  ignore line: [COLLECT_GCC_OPTIONS='-v' '-o' 'cmTryCompileExec1615847404' '-rdynamic' '-mtune=generic']
  link line: [ /usr/libexec/gcc/x86_64-redhat-linux/4.4.7/collect2 --eh-frame-hdr --build-id -m elf_x86_64 --hash-style=gnu -export-dynamic -dynamic-linker /lib64/ld-linux-x86-64.so.2 -o cmTryCompileExec1615847404 /usr/lib/gcc/x86_64-redhat-linux/4.4.7/../../../../lib64/crt1.o /usr/lib/gcc/x86_64-redhat-linux/4.4.7/../../../../lib64/crti.o /usr/lib/gcc/x86_64-redhat-linux/4.4.7/crtbegin.o -L/usr/lib/gcc/x86_64-redhat-linux/4.4.7 -L/usr/lib/gcc/x86_64-redhat-linux/4.4.7 -L/usr/lib/gcc/x86_64-redhat-linux/4.4.7/../../../../lib64 -L/lib/../lib64 -L/usr/lib/../lib64 -L/usr/lib/gcc/x86_64-redhat-linux/4.4.7/../../.. CMakeFiles/cmTryCompileExec1615847404.dir/CMakeCCompilerABI.c.o -lgcc --as-needed -lgcc_s --no-as-needed -lc -lgcc --as-needed -lgcc_s --no-as-needed /usr/lib/gcc/x86_64-redhat-linux/4.4.7/crtend.o /usr/lib/gcc/x86_64-redhat-linux/4.4.7/../../../../lib64/crtn.o]
    arg [/usr/libexec/gcc/x86_64-redhat-linux/4.4.7/collect2] ==> ignore
    arg [--eh-frame-hdr] ==> ignore
    arg [--build-id] ==> ignore
    arg [-m] ==> ignore
    arg [elf_x86_64] ==> ignore
    arg [--hash-style=gnu] ==> ignore
    arg [-export-dynamic] ==> ignore
    arg [-dynamic-linker] ==> ignore
    arg [/lib64/ld-linux-x86-64.so.2] ==> ignore
    arg [-o] ==> ignore
    arg [cmTryCompileExec1615847404] ==> ignore
    arg [/usr/lib/gcc/x86_64-redhat-linux/4.4.7/../../../../lib64/crt1.o] ==> ignore
    arg [/usr/lib/gcc/x86_64-redhat-linux/4.4.7/../../../../lib64/crti.o] ==> ignore
    arg [/usr/lib/gcc/x86_64-redhat-linux/4.4.7/crtbegin.o] ==> ignore
    arg [-L/usr/lib/gcc/x86_64-redhat-linux/4.4.7] ==> dir [/usr/lib/gcc/x86_64-redhat-linux/4.4.7]
    arg [-L/usr/lib/gcc/x86_64-redhat-linux/4.4.7] ==> dir [/usr/lib/gcc/x86_64-redhat-linux/4.4.7]
    arg [-L/usr/lib/gcc/x86_64-redhat-linux/4.4.7/../../../../lib64] ==> dir [/usr/lib/gcc/x86_64-redhat-linux/4.4.7/../../../../lib64]
    arg [-L/lib/../lib64] ==> dir [/lib/../lib64]
    arg [-L/usr/lib/../lib64] ==> dir [/usr/lib/../lib64]
    arg [-L/usr/lib/gcc/x86_64-redhat-linux/4.4.7/../../..] ==> dir [/usr/lib/gcc/x86_64-redhat-linux/4.4.7/../../..]
    arg [CMakeFiles/cmTryCompileExec1615847404.dir/CMakeCCompilerABI.c.o] ==> ignore
    arg [-lgcc] ==> lib [gcc]
    arg [--as-needed] ==> ignore
    arg [-lgcc_s] ==> lib [gcc_s]
    arg [--no-as-needed] ==> ignore
    arg [-lc] ==> lib [c]
    arg [-lgcc] ==> lib [gcc]
    arg [--as-needed] ==> ignore
    arg [-lgcc_s] ==> lib [gcc_s]
    arg [--no-as-needed] ==> ignore
    arg [/usr/lib/gcc/x86_64-redhat-linux/4.4.7/crtend.o] ==> ignore
    arg [/usr/lib/gcc/x86_64-redhat-linux/4.4.7/../../../../lib64/crtn.o] ==> ignore
  remove lib [gcc]
  remove lib [gcc_s]
  remove lib [gcc]
  remove lib [gcc_s]
  collapse library dir [/usr/lib/gcc/x86_64-redhat-linux/4.4.7] ==> [/usr/lib/gcc/x86_64-redhat-linux/4.4.7]
  collapse library dir [/usr/lib/gcc/x86_64-redhat-linux/4.4.7] ==> [/usr/lib/gcc/x86_64-redhat-linux/4.4.7]
  collapse library dir [/usr/lib/gcc/x86_64-redhat-linux/4.4.7/../../../../lib64] ==> [/usr/lib64]
  collapse library dir [/lib/../lib64] ==> [/lib64]
  collapse library dir [/usr/lib/../lib64] ==> [/usr/lib64]
  collapse library dir [/usr/lib/gcc/x86_64-redhat-linux/4.4.7/../../..] ==> [/usr/lib]
  implicit libs: [c]
  implicit dirs: [/usr/lib/gcc/x86_64-redhat-linux/4.4.7;/usr/lib64;/lib64;/usr/lib]
  implicit fwks: []


Determining if the function getaddrinfo exists passed with the following output:
Change Dir: /make/rabbitmq-c-master/temp/CMakeFiles/CMakeTmp

Run Build Command:/usr/bin/gmake "cmTryCompileExec2950343825/fast"
/usr/bin/gmake -f CMakeFiles/cmTryCompileExec2950343825.dir/build.make CMakeFiles/cmTryCompileExec2950343825.dir/build
gmake[1]: Entering directory `/back/make/rabbitmq-c-master/temp/CMakeFiles/CMakeTmp'
/usr/bin/cmake -E cmake_progress_report /make/rabbitmq-c-master/temp/CMakeFiles/CMakeTmp/CMakeFiles 1
Building C object CMakeFiles/cmTryCompileExec2950343825.dir/CheckFunctionExists.c.o
/usr/bin/cc   -Wall -Wextra -Wstrict-prototypes -Wno-unused-function -fno-common -fvisibility=hidden  -DCHECK_FUNCTION_EXISTS=getaddrinfo   -o CMakeFiles/cmTryCompileExec2950343825.dir/CheckFunctionExists.c.o   -c /usr/share/cmake/Modules/CheckFunctionExists.c
/usr/share/cmake/Modules/CheckFunctionExists.c:3: 警告：函数声明不是一个原型
Linking C executable cmTryCompileExec2950343825
/usr/bin/cmake -E cmake_link_script CMakeFiles/cmTryCompileExec2950343825.dir/link.txt --verbose=1
/usr/bin/cc  -Wall -Wextra -Wstrict-prototypes -Wno-unused-function -fno-common -fvisibility=hidden  -DCHECK_FUNCTION_EXISTS=getaddrinfo    CMakeFiles/cmTryCompileExec2950343825.dir/CheckFunctionExists.c.o  -o cmTryCompileExec2950343825 -rdynamic 
gmake[1]: Leaving directory `/back/make/rabbitmq-c-master/temp/CMakeFiles/CMakeTmp'


Determining if the function socket exists passed with the following output:
Change Dir: /make/rabbitmq-c-master/temp/CMakeFiles/CMakeTmp

Run Build Command:/usr/bin/gmake "cmTryCompileExec3566219711/fast"
/usr/bin/gmake -f CMakeFiles/cmTryCompileExec3566219711.dir/build.make CMakeFiles/cmTryCompileExec3566219711.dir/build
gmake[1]: Entering directory `/back/make/rabbitmq-c-master/temp/CMakeFiles/CMakeTmp'
/usr/bin/cmake -E cmake_progress_report /make/rabbitmq-c-master/temp/CMakeFiles/CMakeTmp/CMakeFiles 1
Building C object CMakeFiles/cmTryCompileExec3566219711.dir/CheckFunctionExists.c.o
/usr/bin/cc   -Wall -Wextra -Wstrict-prototypes -Wno-unused-function -fno-common -fvisibility=hidden  -DCHECK_FUNCTION_EXISTS=socket   -o CMakeFiles/cmTryCompileExec3566219711.dir/CheckFunctionExists.c.o   -c /usr/share/cmake/Modules/CheckFunctionExists.c
/usr/share/cmake/Modules/CheckFunctionExists.c:3: 警告：函数声明不是一个原型
Linking C executable cmTryCompileExec3566219711
/usr/bin/cmake -E cmake_link_script CMakeFiles/cmTryCompileExec3566219711.dir/link.txt --verbose=1
/usr/bin/cc  -Wall -Wextra -Wstrict-prototypes -Wno-unused-function -fno-common -fvisibility=hidden  -DCHECK_FUNCTION_EXISTS=socket    CMakeFiles/cmTryCompileExec3566219711.dir/CheckFunctionExists.c.o  -o cmTryCompileExec3566219711 -rdynamic 
gmake[1]: Leaving directory `/back/make/rabbitmq-c-master/temp/CMakeFiles/CMakeTmp'


Determining if the function poll exists passed with the following output:
Change Dir: /make/rabbitmq-c-master/temp/CMakeFiles/CMakeTmp

Run Build Command:/usr/bin/gmake "cmTryCompileExec924080666/fast"
/usr/bin/gmake -f CMakeFiles/cmTryCompileExec924080666.dir/build.make CMakeFiles/cmTryCompileExec924080666.dir/build
gmake[1]: Entering directory `/back/make/rabbitmq-c-master/temp/CMakeFiles/CMakeTmp'
/usr/bin/cmake -E cmake_progress_report /make/rabbitmq-c-master/temp/CMakeFiles/CMakeTmp/CMakeFiles 1
Building C object CMakeFiles/cmTryCompileExec924080666.dir/CheckFunctionExists.c.o
/usr/bin/cc   -Wall -Wextra -Wstrict-prototypes -Wno-unused-function -fno-common -fvisibility=hidden  -DCHECK_FUNCTION_EXISTS=poll -I/make/rabbitmq-c-master/temp/CMakeFiles/CMakeTmp/poll.h    -o CMakeFiles/cmTryCompileExec924080666.dir/CheckFunctionExists.c.o   -c /usr/share/cmake/Modules/CheckFunctionExists.c
/usr/share/cmake/Modules/CheckFunctionExists.c:3: 警告：函数声明不是一个原型
Linking C executable cmTryCompileExec924080666
/usr/bin/cmake -E cmake_link_script CMakeFiles/cmTryCompileExec924080666.dir/link.txt --verbose=1
/usr/bin/cc  -Wall -Wextra -Wstrict-prototypes -Wno-unused-function -fno-common -fvisibility=hidden  -DCHECK_FUNCTION_EXISTS=poll    CMakeFiles/cmTryCompileExec924080666.dir/CheckFunctionExists.c.o  -o cmTryCompileExec924080666 -rdynamic 
gmake[1]: Leaving directory `/back/make/rabbitmq-c-master/temp/CMakeFiles/CMakeTmp'


Determining if the function clock_gettime exists in the rt passed with the following output:
Change Dir: /make/rabbitmq-c-master/temp/CMakeFiles/CMakeTmp

Run Build Command:/usr/bin/gmake "cmTryCompileExec2343268404/fast"
/usr/bin/gmake -f CMakeFiles/cmTryCompileExec2343268404.dir/build.make CMakeFiles/cmTryCompileExec2343268404.dir/build
gmake[1]: Entering directory `/back/make/rabbitmq-c-master/temp/CMakeFiles/CMakeTmp'
/usr/bin/cmake -E cmake_progress_report /make/rabbitmq-c-master/temp/CMakeFiles/CMakeTmp/CMakeFiles 1
Building C object CMakeFiles/cmTryCompileExec2343268404.dir/CheckFunctionExists.c.o
/usr/bin/cc   -Wall -Wextra -Wstrict-prototypes -Wno-unused-function -fno-common -fvisibility=hidden  -DCHECK_FUNCTION_EXISTS=clock_gettime   -o CMakeFiles/cmTryCompileExec2343268404.dir/CheckFunctionExists.c.o   -c /usr/share/cmake/Modules/CheckFunctionExists.c
/usr/share/cmake/Modules/CheckFunctionExists.c:3: 警告：函数声明不是一个原型
Linking C executable cmTryCompileExec2343268404
/usr/bin/cmake -E cmake_link_script CMakeFiles/cmTryCompileExec2343268404.dir/link.txt --verbose=1
/usr/bin/cc  -Wall -Wextra -Wstrict-prototypes -Wno-unused-function -fno-common -fvisibility=hidden  -DCHECK_FUNCTION_EXISTS=clock_gettime    CMakeFiles/cmTryCompileExec2343268404.dir/CheckFunctionExists.c.o  -o cmTryCompileExec2343268404  -L/make/rabbitmq-c-master/temp/CMakeFiles/CMakeTmp/time.h -rdynamic -lrt -Wl,-rpath,/make/rabbitmq-c-master/temp/CMakeFiles/CMakeTmp/time.h 
gmake[1]: Leaving directory `/back/make/rabbitmq-c-master/temp/CMakeFiles/CMakeTmp'


Determining if files pthread.h exist passed with the following output:
Change Dir: /make/rabbitmq-c-master/temp/CMakeFiles/CMakeTmp

Run Build Command:/usr/bin/gmake "cmTryCompileExec3992463753/fast"
/usr/bin/gmake -f CMakeFiles/cmTryCompileExec3992463753.dir/build.make CMakeFiles/cmTryCompileExec3992463753.dir/build
gmake[1]: Entering directory `/back/make/rabbitmq-c-master/temp/CMakeFiles/CMakeTmp'
/usr/bin/cmake -E cmake_progress_report /make/rabbitmq-c-master/temp/CMakeFiles/CMakeTmp/CMakeFiles 1
Building C object CMakeFiles/cmTryCompileExec3992463753.dir/CheckIncludeFiles.c.o
/usr/bin/cc   -Wall -Wextra -Wstrict-prototypes -Wno-unused-function -fno-common -fvisibility=hidden     -o CMakeFiles/cmTryCompileExec3992463753.dir/CheckIncludeFiles.c.o   -c /make/rabbitmq-c-master/temp/CMakeFiles/CMakeTmp/CheckIncludeFiles.c
/make/rabbitmq-c-master/temp/CMakeFiles/CMakeTmp/CheckIncludeFiles.c:5: 警告：函数声明不是一个原型
Linking C executable cmTryCompileExec3992463753
/usr/bin/cmake -E cmake_link_script CMakeFiles/cmTryCompileExec3992463753.dir/link.txt --verbose=1
/usr/bin/cc  -Wall -Wextra -Wstrict-prototypes -Wno-unused-function -fno-common -fvisibility=hidden      CMakeFiles/cmTryCompileExec3992463753.dir/CheckIncludeFiles.c.o  -o cmTryCompileExec3992463753 -rdynamic 
gmake[1]: Leaving directory `/back/make/rabbitmq-c-master/temp/CMakeFiles/CMakeTmp'


Determining if the function pthread_create exists in the pthread passed with the following output:
Change Dir: /make/rabbitmq-c-master/temp/CMakeFiles/CMakeTmp

Run Build Command:/usr/bin/gmake "cmTryCompileExec3046343571/fast"
/usr/bin/gmake -f CMakeFiles/cmTryCompileExec3046343571.dir/build.make CMakeFiles/cmTryCompileExec3046343571.dir/build
gmake[1]: Entering directory `/back/make/rabbitmq-c-master/temp/CMakeFiles/CMakeTmp'
/usr/bin/cmake -E cmake_progress_report /make/rabbitmq-c-master/temp/CMakeFiles/CMakeTmp/CMakeFiles 1
Building C object CMakeFiles/cmTryCompileExec3046343571.dir/CheckFunctionExists.c.o
/usr/bin/cc   -Wall -Wextra -Wstrict-prototypes -Wno-unused-function -fno-common -fvisibility=hidden  -DCHECK_FUNCTION_EXISTS=pthread_create   -o CMakeFiles/cmTryCompileExec3046343571.dir/CheckFunctionExists.c.o   -c /usr/share/cmake/Modules/CheckFunctionExists.c
/usr/share/cmake/Modules/CheckFunctionExists.c:3: 警告：函数声明不是一个原型
Linking C executable cmTryCompileExec3046343571
/usr/bin/cmake -E cmake_link_script CMakeFiles/cmTryCompileExec3046343571.dir/link.txt --verbose=1
/usr/bin/cc  -Wall -Wextra -Wstrict-prototypes -Wno-unused-function -fno-common -fvisibility=hidden  -DCHECK_FUNCTION_EXISTS=pthread_create    CMakeFiles/cmTryCompileExec3046343571.dir/CheckFunctionExists.c.o  -o cmTryCompileExec3046343571 -rdynamic -lpthread 
gmake[1]: Leaving directory `/back/make/rabbitmq-c-master/temp/CMakeFiles/CMakeTmp'


