This file contains any messages produced by compilers while
running configure, to aid debugging if configure makes a mistake.

It was created by configure, which was
generated by GNU Autoconf 2.63.  Invocation command line was

  $ ./configure 

## --------- ##
## Platform. ##
## --------- ##

hostname = verylcg
uname -m = x86_64
uname -r = 3.10.94-1.el6.elrepo.x86_64
uname -s = Linux
uname -v = #1 SMP Thu Dec 10 12:39:34 EST 2015

/usr/bin/uname -p = unknown
/bin/uname -X     = unknown

/bin/arch              = x86_64
/usr/bin/arch -k       = unknown
/usr/convex/getsysinfo = unknown
/usr/bin/hostinfo      = unknown
/bin/machine           = unknown
/usr/bin/oslevel       = unknown
/bin/universe          = unknown

PATH: /usr/lib64/qt-3.3/bin
PATH: /usr/local/sbin
PATH: /usr/sbin
PATH: /sbin
PATH: /usr/local/bin
PATH: /usr/bin
PATH: /bin
PATH: /root/bin


## ----------- ##
## Core tests. ##
## ----------- ##

configure:1984: checking for grep that handles long lines and -e
configure:2044: result: /bin/grep
configure:2049: checking for egrep
configure:2113: result: /bin/grep -E
configure:2118: checking for a sed that does not truncate output
configure:2184: result: /bin/sed
configure:2318: checking for cc
configure:2334: found /usr/bin/cc
configure:2345: result: cc
configure:2379: checking for C compiler version
configure:2387: cc --version >&5
cc (GCC) 4.4.7 20120313 (Red Hat 4.4.7-16)
Copyright (C) 2010 Free Software Foundation, Inc.
This is free software; see the source for copying conditions.  There is NO
warranty; not even for MERCHANTABILITY or FITNESS FOR A PARTICULAR PURPOSE.

configure:2391: $? = 0
configure:2398: cc -v >&5
Using built-in specs.
Target: x86_64-redhat-linux
Configured with: ../configure --prefix=/usr --mandir=/usr/share/man --infodir=/usr/share/info --with-bugurl=http://bugzilla.redhat.com/bugzilla --enable-bootstrap --enable-shared --enable-threads=posix --enable-checking=release --with-system-zlib --enable-__cxa_atexit --disable-libunwind-exceptions --enable-gnu-unique-object --enable-languages=c,c++,objc,obj-c++,java,fortran,ada --enable-java-awt=gtk --disable-dssi --with-java-home=/usr/lib/jvm/java-1.5.0-gcj-1.5.0.0/jre --enable-libgcj-multifile --enable-java-maintainer-mode --with-ecj-jar=/usr/share/java/eclipse-ecj.jar --disable-libjava-multilib --with-ppl --with-cloog --with-tune=generic --with-arch_32=i686 --build=x86_64-redhat-linux
Thread model: posix
gcc version 4.4.7 20120313 (Red Hat 4.4.7-16) (GCC) 
configure:2402: $? = 0
configure:2409: cc -V >&5
cc: '-V' option must have argument
configure:2413: $? = 1
configure:2436: checking for C compiler default output file name
configure:2458: cc    conftest.c  >&5
configure:2462: $? = 0
configure:2500: result: a.out
configure:2519: checking whether the C compiler works
configure:2529: ./a.out
configure:2533: $? = 0
configure:2552: result: yes
configure:2559: checking whether we are cross compiling
configure:2561: result: no
configure:2564: checking for suffix of executables
configure:2571: cc -o conftest    conftest.c  >&5
configure:2575: $? = 0
configure:2601: result: 
configure:2607: checking for suffix of object files
configure:2633: cc -c   conftest.c >&5
configure:2637: $? = 0
configure:2662: result: o
configure:2666: checking whether we are using the GNU C compiler
configure:2695: cc -c   conftest.c >&5
configure:2702: $? = 0
configure:2719: result: yes
configure:2728: checking whether cc accepts -g
configure:2758: cc -c -g  conftest.c >&5
configure:2765: $? = 0
configure:2866: result: yes
configure:2883: checking for cc option to accept ISO C89
configure:2957: cc  -c -g -O2  conftest.c >&5
configure:2964: $? = 0
configure:2987: result: none needed
configure:3011: checking how to run the C preprocessor
configure:3051: cc -E  conftest.c
configure:3058: $? = 0
configure:3089: cc -E  conftest.c
conftest.c:8:28: error: ac_nonexistent.h: No such file or directory
configure:3096: $? = 1
configure: failed program was:
| /* confdefs.h.  */
| #define PACKAGE_NAME ""
| #define PACKAGE_TARNAME ""
| #define PACKAGE_VERSION ""
| #define PACKAGE_STRING ""
| #define PACKAGE_BUGREPORT ""
| /* end confdefs.h.  */
| #include <ac_nonexistent.h>
configure:3129: result: cc -E
configure:3158: cc -E  conftest.c
configure:3165: $? = 0
configure:3196: cc -E  conftest.c
conftest.c:8:28: error: ac_nonexistent.h: No such file or directory
configure:3203: $? = 1
configure: failed program was:
| /* confdefs.h.  */
| #define PACKAGE_NAME ""
| #define PACKAGE_TARNAME ""
| #define PACKAGE_VERSION ""
| #define PACKAGE_STRING ""
| #define PACKAGE_BUGREPORT ""
| /* end confdefs.h.  */
| #include <ac_nonexistent.h>
configure:3245: checking for icc
configure:3258: result: no
configure:3272: checking for suncc
configure:3285: result: no
configure:3303: checking whether cc understands -c and -o together
configure:3335: cc -c conftest.c -o conftest2.o >&5
configure:3339: $? = 0
configure:3345: cc -c conftest.c -o conftest2.o >&5
configure:3349: $? = 0
configure:3404: result: yes
configure:3420: checking for system library directory
configure:3438: result: lib
configure:3445: checking if compiler supports -R
configure:3474: cc -o conftest -g -O2   conftest.c -R /usr/lib  >&5
cc: unrecognized option '-R'
/usr/lib: file not recognized: Is a directory
collect2: ld returned 1 exit status
configure:3481: $? = 1
configure: failed program was:
| /* confdefs.h.  */
| #define PACKAGE_NAME ""
| #define PACKAGE_TARNAME ""
| #define PACKAGE_VERSION ""
| #define PACKAGE_STRING ""
| #define PACKAGE_BUGREPORT ""
| /* end confdefs.h.  */
| 
| int
| main ()
| {
| 
|   ;
|   return 0;
| }
configure:3503: result: no
configure:3508: checking if compiler supports -Wl,-rpath,
configure:3537: cc -o conftest -g -O2   conftest.c -Wl,-rpath,/usr/lib  >&5
configure:3544: $? = 0
configure:3566: result: yes
configure:3615: checking build system type
configure:3633: result: x86_64-unknown-linux-gnu
configure:3655: checking host system type
configure:3670: result: x86_64-unknown-linux-gnu
configure:3692: checking target system type
configure:3707: result: x86_64-unknown-linux-gnu
configure:3819: checking for PHP prefix
configure:3821: result: /usr
configure:3823: checking for PHP includes
configure:3825: result: -I/usr/include/php -I/usr/include/php/main -I/usr/include/php/TSRM -I/usr/include/php/Zend -I/usr/include/php/ext -I/usr/include/php/ext/date/lib
configure:3827: checking for PHP extension directory
configure:3829: result: /usr/lib64/php/modules
configure:3831: checking for PHP installed headers prefix
configure:3833: result: /usr/include/php
configure:3836: checking if debug is enabled
configure:3866: result: no
configure:3869: checking if zts is enabled
configure:3899: result: no
configure:3973: checking for re2c
configure:4003: result: no
configure:4028: WARNING: You will need re2c 0.13.4 or later if you want to regenerate PHP parsers.
configure:4042: checking for gawk
configure:4059: found /usr/bin/gawk
configure:4070: result: gawk
configure:4118: checking whether to enable code_parse support
configure:4160: result: yes, shared
configure:4499: checking for a sed that does not truncate output
configure:4565: result: /bin/sed
configure:4583: checking for fgrep
configure:4647: result: /bin/grep -F
configure:4682: checking for ld used by cc
configure:4749: result: /usr/bin/ld
configure:4758: checking if the linker (/usr/bin/ld) is GNU ld
configure:4773: result: yes
configure:4785: checking for BSD- or MS-compatible name lister (nm)
configure:4834: result: /usr/bin/nm -B
configure:4952: checking the name lister (/usr/bin/nm -B) interface
configure:4959: cc -c -g -O2  conftest.c >&5
configure:4962: /usr/bin/nm -B "conftest.o"
configure:4965: output
0000000000000000 B some_variable
configure:4972: result: BSD nm
configure:4975: checking whether ln -s works
configure:4979: result: yes
configure:4987: checking the maximum length of command line arguments
configure:5107: result: 1572864
configure:5124: checking whether the shell understands some XSI constructs
configure:5134: result: yes
configure:5138: checking whether the shell understands "+="
configure:5144: result: yes
configure:5179: checking for /usr/bin/ld option to reload object files
configure:5186: result: -r
configure:5255: checking for objdump
configure:5271: found /usr/bin/objdump
configure:5282: result: objdump
configure:5314: checking how to recognize dependent libraries
configure:5510: result: pass_all
configure:5570: checking for ar
configure:5586: found /usr/bin/ar
configure:5597: result: ar
configure:5675: checking for strip
configure:5691: found /usr/bin/strip
configure:5702: result: strip
configure:5774: checking for ranlib
configure:5790: found /usr/bin/ranlib
configure:5801: result: ranlib
configure:5891: checking command to parse /usr/bin/nm -B output from cc object
configure:6009: cc -c -g -O2  conftest.c >&5
configure:6012: $? = 0
configure:6016: /usr/bin/nm -B conftest.o \| sed -n -e 's/^.*[	 ]\([ABCDGIRSTW][ABCDGIRSTW]*\)[	 ][	 ]*\([_A-Za-z][_A-Za-z0-9]*\)$/\1 \2 \2/p' \> conftest.nm
configure:6019: $? = 0
configure:6073: cc -o conftest -g -O2   conftest.c conftstm.o >&5
configure:6076: $? = 0
configure:6114: result: ok
configure:6209: cc -c -g -O2  conftest.c >&5
configure:6212: $? = 0
configure:6975: checking for ANSI C header files
configure:7005: cc -c -g -O2  conftest.c >&5
configure:7012: $? = 0
configure:7111: cc -o conftest -g -O2   conftest.c  >&5
configure:7115: $? = 0
configure:7121: ./conftest
configure:7125: $? = 0
configure:7143: result: yes
configure:7167: checking for sys/types.h
configure:7188: cc -c -g -O2  conftest.c >&5
configure:7195: $? = 0
configure:7212: result: yes
configure:7167: checking for sys/stat.h
configure:7188: cc -c -g -O2  conftest.c >&5
configure:7195: $? = 0
configure:7212: result: yes
configure:7167: checking for stdlib.h
configure:7188: cc -c -g -O2  conftest.c >&5
configure:7195: $? = 0
configure:7212: result: yes
configure:7167: checking for string.h
configure:7188: cc -c -g -O2  conftest.c >&5
configure:7195: $? = 0
configure:7212: result: yes
configure:7167: checking for memory.h
configure:7188: cc -c -g -O2  conftest.c >&5
configure:7195: $? = 0
configure:7212: result: yes
configure:7167: checking for strings.h
configure:7188: cc -c -g -O2  conftest.c >&5
configure:7195: $? = 0
configure:7212: result: yes
configure:7167: checking for inttypes.h
configure:7188: cc -c -g -O2  conftest.c >&5
configure:7195: $? = 0
configure:7212: result: yes
configure:7167: checking for stdint.h
configure:7188: cc -c -g -O2  conftest.c >&5
configure:7195: $? = 0
configure:7212: result: yes
configure:7167: checking for unistd.h
configure:7188: cc -c -g -O2  conftest.c >&5
configure:7195: $? = 0
configure:7212: result: yes
configure:7230: checking for dlfcn.h
configure:7251: cc -c -g -O2  conftest.c >&5
configure:7258: $? = 0
configure:7275: result: yes
configure:7461: checking for objdir
configure:7476: result: .libs
configure:7772: checking if cc supports -fno-rtti -fno-exceptions
configure:7790: cc -c -g -O2  -fno-rtti -fno-exceptions conftest.c >&5
cc1: warning: command line option "-fno-rtti" is valid for C++/ObjC++ but not for C
configure:7794: $? = 0
configure:7807: result: no
configure:7827: checking for cc option to produce PIC
configure:8099: result: -fPIC -DPIC
configure:8111: checking if cc PIC flag -fPIC -DPIC works
configure:8129: cc -c -g -O2  -fPIC -DPIC -DPIC conftest.c >&5
configure:8133: $? = 0
configure:8146: result: yes
configure:8170: checking if cc static flag -static works
configure:8198: result: no
configure:8213: checking if cc supports -c -o file.o
configure:8234: cc -c -g -O2  -o out/conftest2.o conftest.c >&5
configure:8238: $? = 0
configure:8260: result: yes
configure:8268: checking if cc supports -c -o file.o
configure:8315: result: yes
configure:8348: checking whether the cc linker (/usr/bin/ld -m elf_x86_64) supports shared libraries
configure:9422: result: yes
configure:9459: checking whether -lc should be explicitly linked in
configure:9464: cc -c -g -O2  conftest.c >&5
configure:9467: $? = 0
configure:9482: cc -shared conftest.o  -v -Wl,-soname -Wl,conftest -o conftest 2\>\&1 \| /bin/grep  -lc  \>/dev/null 2\>\&1
configure:9485: $? = 0
configure:9497: result: no
configure:9661: checking dynamic linker characteristics
configure:10104: cc -o conftest -g -O2   -Wl,-rpath -Wl,/foo conftest.c  >&5
configure:10111: $? = 0
configure:10347: result: GNU/Linux ld.so
configure:10449: checking how to hardcode library paths into programs
configure:10474: result: immediate
configure:11307: checking whether stripping libraries is possible
configure:11312: result: yes
configure:11347: checking if libtool supports shared libraries
configure:11349: result: yes
configure:11352: checking whether to build shared libraries
configure:11373: result: yes
configure:11376: checking whether to build static libraries
configure:11380: result: no
configure:11642: creating ./config.status

## ---------------------- ##
## Running config.status. ##
## ---------------------- ##

This file was extended by config.status, which was
generated by GNU Autoconf 2.63.  Invocation command line was

  CONFIG_FILES    = 
  CONFIG_HEADERS  = 
  CONFIG_LINKS    = 
  CONFIG_COMMANDS = 
  $ ./config.status 

on verylcg

config.status:801: creating config.h
config.status:935: config.h is unchanged
config.status:953: executing libtool commands

## ---------------- ##
## Cache variables. ##
## ---------------- ##

ac_cv_build=x86_64-unknown-linux-gnu
ac_cv_c_compiler_gnu=yes
ac_cv_env_CC_set=
ac_cv_env_CC_value=
ac_cv_env_CFLAGS_set=
ac_cv_env_CFLAGS_value=
ac_cv_env_CPPFLAGS_set=
ac_cv_env_CPPFLAGS_value=
ac_cv_env_CPP_set=
ac_cv_env_CPP_value=
ac_cv_env_LDFLAGS_set=
ac_cv_env_LDFLAGS_value=
ac_cv_env_LIBS_set=
ac_cv_env_LIBS_value=
ac_cv_env_build_alias_set=
ac_cv_env_build_alias_value=
ac_cv_env_host_alias_set=
ac_cv_env_host_alias_value=
ac_cv_env_target_alias_set=
ac_cv_env_target_alias_value=
ac_cv_header_dlfcn_h=yes
ac_cv_header_inttypes_h=yes
ac_cv_header_memory_h=yes
ac_cv_header_stdc=yes
ac_cv_header_stdint_h=yes
ac_cv_header_stdlib_h=yes
ac_cv_header_string_h=yes
ac_cv_header_strings_h=yes
ac_cv_header_sys_stat_h=yes
ac_cv_header_sys_types_h=yes
ac_cv_header_unistd_h=yes
ac_cv_host=x86_64-unknown-linux-gnu
ac_cv_objext=o
ac_cv_path_EGREP='/bin/grep -E'
ac_cv_path_FGREP='/bin/grep -F'
ac_cv_path_GREP=/bin/grep
ac_cv_path_SED=/bin/sed
ac_cv_prog_AWK=gawk
ac_cv_prog_CPP='cc -E'
ac_cv_prog_ac_ct_AR=ar
ac_cv_prog_ac_ct_CC=cc
ac_cv_prog_ac_ct_OBJDUMP=objdump
ac_cv_prog_ac_ct_RANLIB=ranlib
ac_cv_prog_ac_ct_STRIP=strip
ac_cv_prog_cc_c89=
ac_cv_prog_cc_cc_c_o=yes
ac_cv_prog_cc_g=yes
ac_cv_target=x86_64-unknown-linux-gnu
lt_cv_deplibs_check_method=pass_all
lt_cv_file_magic_cmd='$MAGIC_CMD'
lt_cv_file_magic_test_file=
lt_cv_ld_reload_flag=-r
lt_cv_nm_interface='BSD nm'
lt_cv_objdir=.libs
lt_cv_path_LD=/usr/bin/ld
lt_cv_path_NM='/usr/bin/nm -B'
lt_cv_prog_compiler_c_o=yes
lt_cv_prog_compiler_pic_works=yes
lt_cv_prog_compiler_rtti_exceptions=no
lt_cv_prog_compiler_static_works=no
lt_cv_prog_gnu_ld=yes
lt_cv_sys_global_symbol_pipe='sed -n -e '\''s/^.*[	 ]\([ABCDGIRSTW][ABCDGIRSTW]*\)[	 ][	 ]*\([_A-Za-z][_A-Za-z0-9]*\)$/\1 \2 \2/p'\'''
lt_cv_sys_global_symbol_to_c_name_address='sed -n -e '\''s/^: \([^ ]*\) $/  {\"\1\", (void *) 0},/p'\'' -e '\''s/^[ABCDGIRSTW]* \([^ ]*\) \([^ ]*\)$/  {"\2", (void *) \&\2},/p'\'''
lt_cv_sys_global_symbol_to_c_name_address_lib_prefix='sed -n -e '\''s/^: \([^ ]*\) $/  {\"\1\", (void *) 0},/p'\'' -e '\''s/^[ABCDGIRSTW]* \([^ ]*\) \(lib[^ ]*\)$/  {"\2", (void *) \&\2},/p'\'' -e '\''s/^[ABCDGIRSTW]* \([^ ]*\) \([^ ]*\)$/  {"lib\2", (void *) \&\2},/p'\'''
lt_cv_sys_global_symbol_to_cdecl='sed -n -e '\''s/^T .* \(.*\)$/extern int \1();/p'\'' -e '\''s/^[ABCDGIRSTW]* .* \(.*\)$/extern char \1;/p'\'''
lt_cv_sys_max_cmd_len=1572864
php_cv_cc_dashr=no
php_cv_cc_rpath=yes

## ----------------- ##
## Output variables. ##
## ----------------- ##

AR='ar'
AWK='gawk'
CC='cc'
CFLAGS='-g -O2'
CONFIGURE_COMMAND=' '\''./configure'\'' '
CONFIGURE_OPTIONS=''
CPP='cc -E'
CPPFLAGS=' -DHAVE_CONFIG_H'
DEFS='-DHAVE_CONFIG_H'
DSYMUTIL=''
DUMPBIN=''
ECHO_C=''
ECHO_N='-n'
ECHO_T=''
EGREP='/bin/grep -E'
EXEEXT=''
FGREP='/bin/grep -F'
GREP='/bin/grep'
LD='/usr/bin/ld -m elf_x86_64'
LDFLAGS=''
LIBOBJS=''
LIBS=''
LIBTOOL='$(SHELL) $(top_builddir)/libtool'
LIPO=''
LN_S='ln -s'
LTLIBOBJS=''
NM='/usr/bin/nm -B'
NMEDIT=''
OBJDUMP='objdump'
OBJEXT='o'
OTOOL64=''
OTOOL=''
PACKAGE_BUGREPORT=''
PACKAGE_NAME=''
PACKAGE_STRING=''
PACKAGE_TARNAME=''
PACKAGE_VERSION=''
PATH_SEPARATOR=':'
RANLIB='ranlib'
RE2C='exit 0;'
SED='/bin/sed'
SHELL='/bin/sh'
SHLIB_DL_SUFFIX_NAME='so'
SHLIB_SUFFIX_NAME='so'
STRIP='strip'
ac_ct_CC='cc'
ac_ct_DUMPBIN=''
bindir='${exec_prefix}/bin'
build='x86_64-unknown-linux-gnu'
build_alias=''
build_cpu='x86_64'
build_os='linux-gnu'
build_vendor='unknown'
datadir='${datarootdir}'
datarootdir='${prefix}/share'
docdir='${datarootdir}/doc/${PACKAGE}'
dvidir='${docdir}'
exec_prefix='$(prefix)'
host='x86_64-unknown-linux-gnu'
host_alias='x86_64-unknown-linux-gnu'
host_cpu='x86_64'
host_os='linux-gnu'
host_vendor='unknown'
htmldir='${docdir}'
includedir='${prefix}/include'
infodir='${datarootdir}/info'
libdir='${exec_prefix}/lib'
libexecdir='${exec_prefix}/libexec'
localedir='${datarootdir}/locale'
localstatedir='${prefix}/var'
lt_ECHO='echo'
mandir='${datarootdir}/man'
oldincludedir='/usr/include'
pdfdir='${docdir}'
prefix='/usr'
program_transform_name='s,x,x,'
psdir='${docdir}'
sbindir='${exec_prefix}/sbin'
sharedstatedir='${prefix}/com'
sysconfdir='${prefix}/etc'
target='x86_64-unknown-linux-gnu'
target_alias=''
target_cpu='x86_64'
target_os='linux-gnu'
target_vendor='unknown'

## ----------- ##
## confdefs.h. ##
## ----------- ##

#define PACKAGE_NAME ""
#define PACKAGE_TARNAME ""
#define PACKAGE_VERSION ""
#define PACKAGE_STRING ""
#define PACKAGE_BUGREPORT ""
#define COMPILE_DL_CODE_PARSE 1
#define STDC_HEADERS 1
#define HAVE_SYS_TYPES_H 1
#define HAVE_SYS_STAT_H 1
#define HAVE_STDLIB_H 1
#define HAVE_STRING_H 1
#define HAVE_MEMORY_H 1
#define HAVE_STRINGS_H 1
#define HAVE_INTTYPES_H 1
#define HAVE_STDINT_H 1
#define HAVE_UNISTD_H 1
#define HAVE_DLFCN_H 1
#define LT_OBJDIR ".libs/"

configure: exit 0
